[2023-10-08T16:38:16.208+0000] {manager.py:487} INFO - Processing files using up to 1 processes at a time 
[2023-10-08T16:38:16.210+0000] {manager.py:488} INFO - Process each file at most once every 30 seconds
[2023-10-08T16:38:16.211+0000] {manager.py:489} INFO - Checking for new files in /opt/airflow/dags every 300 seconds
[2023-10-08T16:38:16.212+0000] {manager.py:759} INFO - Searching for files in /opt/airflow/dags
[2023-10-08T16:38:16.215+0000] {manager.py:762} INFO - There are 0 files in /opt/airflow/dags
[2023-10-08T16:43:16.227+0000] {manager.py:759} INFO - Searching for files in /opt/airflow/dags
[2023-10-08T16:43:16.299+0000] {manager.py:762} INFO - There are 1 files in /opt/airflow/dags
[2023-10-08T16:43:21.675+0000] {manager.py:893} INFO - 
================================================================================
DAG File Processing Stats

File Path                         PID    Runtime      # DAGs    # Errors  Last Runtime    Last Run
--------------------------------  -----  ---------  --------  ----------  --------------  -------------------
/opt/airflow/dags/welcome_dag.py                           1           0  2.02s           2023-10-08T16:43:18
================================================================================
[2023-10-08T16:43:51.989+0000] {manager.py:893} INFO - 
================================================================================
DAG File Processing Stats

File Path                         PID    Runtime      # DAGs    # Errors  Last Runtime    Last Run
--------------------------------  -----  ---------  --------  ----------  --------------  -------------------
/opt/airflow/dags/welcome_dag.py                           1           0  0.41s           2023-10-08T16:43:49
================================================================================
[2023-10-08T16:44:22.368+0000] {manager.py:893} INFO - 
================================================================================
DAG File Processing Stats

File Path                         PID    Runtime      # DAGs    # Errors  Last Runtime    Last Run
--------------------------------  -----  ---------  --------  ----------  --------------  -------------------
/opt/airflow/dags/welcome_dag.py                           1           0  0.41s           2023-10-08T16:44:20
================================================================================
[2023-10-08T16:44:52.882+0000] {manager.py:893} INFO - 
================================================================================
DAG File Processing Stats

File Path                         PID    Runtime      # DAGs    # Errors  Last Runtime    Last Run
--------------------------------  -----  ---------  --------  ----------  --------------  -------------------
/opt/airflow/dags/welcome_dag.py                           1           0  0.41s           2023-10-08T16:44:52
================================================================================
[2023-10-08T16:45:23.221+0000] {manager.py:893} INFO - 
================================================================================
DAG File Processing Stats

File Path                         PID    Runtime      # DAGs    # Errors  Last Runtime    Last Run
--------------------------------  -----  ---------  --------  ----------  --------------  -------------------
/opt/airflow/dags/welcome_dag.py                           1           0  0.31s           2023-10-08T16:45:23
================================================================================
[2023-10-08T16:45:54.425+0000] {manager.py:893} INFO - 
================================================================================
DAG File Processing Stats

File Path                         PID    Runtime      # DAGs    # Errors  Last Runtime    Last Run
--------------------------------  -----  ---------  --------  ----------  --------------  -------------------
/opt/airflow/dags/welcome_dag.py                           1           0  0.61s           2023-10-08T16:45:54
================================================================================
[2023-10-08T16:46:24.980+0000] {manager.py:893} INFO - 
================================================================================
DAG File Processing Stats

File Path                         PID    Runtime      # DAGs    # Errors  Last Runtime    Last Run
--------------------------------  -----  ---------  --------  ----------  --------------  -------------------
/opt/airflow/dags/welcome_dag.py                           1           0  0.51s           2023-10-08T16:46:24
================================================================================
[2023-10-08T16:46:56.069+0000] {manager.py:893} INFO - 
================================================================================
DAG File Processing Stats

File Path                         PID    Runtime      # DAGs    # Errors  Last Runtime    Last Run
--------------------------------  -----  ---------  --------  ----------  --------------  -------------------
/opt/airflow/dags/welcome_dag.py                           1           0  0.51s           2023-10-08T16:46:56
================================================================================
[2023-10-08T16:47:26.596+0000] {manager.py:893} INFO - 
================================================================================
DAG File Processing Stats

File Path                         PID    Runtime      # DAGs    # Errors  Last Runtime    Last Run
--------------------------------  -----  ---------  --------  ----------  --------------  -------------------
/opt/airflow/dags/welcome_dag.py                           1           0  0.51s           2023-10-08T16:47:26
================================================================================
[2023-10-08T16:47:57.640+0000] {manager.py:893} INFO - 
================================================================================
DAG File Processing Stats

File Path                         PID    Runtime      # DAGs    # Errors  Last Runtime    Last Run
--------------------------------  -----  ---------  --------  ----------  --------------  -------------------
/opt/airflow/dags/welcome_dag.py                           1           0  0.51s           2023-10-08T16:47:57
================================================================================
[2023-10-08T16:48:16.997+0000] {manager.py:759} INFO - Searching for files in /opt/airflow/dags
[2023-10-08T16:48:17.076+0000] {manager.py:762} INFO - There are 1 files in /opt/airflow/dags
[2023-10-08T16:48:28.746+0000] {manager.py:893} INFO - 
================================================================================
DAG File Processing Stats

File Path                         PID    Runtime      # DAGs    # Errors  Last Runtime    Last Run
--------------------------------  -----  ---------  --------  ----------  --------------  -------------------
/opt/airflow/dags/welcome_dag.py                           1           0  0.51s           2023-10-08T16:48:28
================================================================================
[2023-10-08T16:48:59.394+0000] {manager.py:893} INFO - 
================================================================================
DAG File Processing Stats

File Path                         PID    Runtime      # DAGs    # Errors  Last Runtime    Last Run
--------------------------------  -----  ---------  --------  ----------  --------------  -------------------
/opt/airflow/dags/welcome_dag.py                           1           0  0.41s           2023-10-08T16:48:59
================================================================================
[2023-10-08T16:49:30.489+0000] {manager.py:893} INFO - 
================================================================================
DAG File Processing Stats

File Path                         PID    Runtime      # DAGs    # Errors  Last Runtime    Last Run
--------------------------------  -----  ---------  --------  ----------  --------------  -------------------
/opt/airflow/dags/welcome_dag.py                           1           0  0.41s           2023-10-08T16:49:30
================================================================================
[2023-10-08T16:50:00.951+0000] {manager.py:893} INFO - 
================================================================================
DAG File Processing Stats

File Path                         PID    Runtime      # DAGs    # Errors  Last Runtime    Last Run
--------------------------------  -----  ---------  --------  ----------  --------------  -------------------
/opt/airflow/dags/welcome_dag.py                           1           0  0.40s           2023-10-08T16:50:00
================================================================================
[2023-10-08T16:50:31.706+0000] {manager.py:893} INFO - 
================================================================================
DAG File Processing Stats

File Path                         PID    Runtime      # DAGs    # Errors  Last Runtime    Last Run
--------------------------------  -----  ---------  --------  ----------  --------------  -------------------
/opt/airflow/dags/welcome_dag.py                           1           0  0.31s           2023-10-08T16:50:31
================================================================================
[2023-10-08T16:51:02.203+0000] {manager.py:893} INFO - 
================================================================================
DAG File Processing Stats

File Path                         PID    Runtime      # DAGs    # Errors  Last Runtime    Last Run
--------------------------------  -----  ---------  --------  ----------  --------------  -------------------
/opt/airflow/dags/welcome_dag.py                           1           0  0.31s           2023-10-08T16:51:02
================================================================================
[2023-10-08T16:51:33.013+0000] {manager.py:893} INFO - 
================================================================================
DAG File Processing Stats

File Path                         PID    Runtime      # DAGs    # Errors  Last Runtime    Last Run
--------------------------------  -----  ---------  --------  ----------  --------------  -------------------
/opt/airflow/dags/welcome_dag.py                           1           0  0.41s           2023-10-08T16:51:33
================================================================================
[2023-10-08T16:52:03.809+0000] {manager.py:893} INFO - 
================================================================================
DAG File Processing Stats

File Path                         PID    Runtime      # DAGs    # Errors  Last Runtime    Last Run
--------------------------------  -----  ---------  --------  ----------  --------------  -------------------
/opt/airflow/dags/welcome_dag.py                           1           0  0.41s           2023-10-08T16:52:03
================================================================================
[2023-10-08T16:52:34.507+0000] {manager.py:893} INFO - 
================================================================================
DAG File Processing Stats

File Path                         PID    Runtime      # DAGs    # Errors  Last Runtime    Last Run
--------------------------------  -----  ---------  --------  ----------  --------------  -------------------
/opt/airflow/dags/welcome_dag.py                           1           0  0.31s           2023-10-08T16:52:34
================================================================================
[2023-10-08T16:53:05.184+0000] {manager.py:893} INFO - 
================================================================================
DAG File Processing Stats

File Path                         PID    Runtime      # DAGs    # Errors  Last Runtime    Last Run
--------------------------------  -----  ---------  --------  ----------  --------------  -------------------
/opt/airflow/dags/welcome_dag.py                           1           0  0.31s           2023-10-08T16:53:05
================================================================================
[2023-10-08T16:53:17.713+0000] {manager.py:759} INFO - Searching for files in /opt/airflow/dags
[2023-10-08T16:53:17.783+0000] {manager.py:762} INFO - There are 1 files in /opt/airflow/dags
[2023-10-08T16:53:35.902+0000] {manager.py:893} INFO - 
================================================================================
DAG File Processing Stats

File Path                         PID    Runtime      # DAGs    # Errors  Last Runtime    Last Run
--------------------------------  -----  ---------  --------  ----------  --------------  -------------------
/opt/airflow/dags/welcome_dag.py                           1           0  0.41s           2023-10-08T16:53:35
================================================================================
[2023-10-08T16:54:06.573+0000] {manager.py:893} INFO - 
================================================================================
DAG File Processing Stats

File Path                         PID    Runtime      # DAGs    # Errors  Last Runtime    Last Run
--------------------------------  -----  ---------  --------  ----------  --------------  -------------------
/opt/airflow/dags/welcome_dag.py                           1           0  0.41s           2023-10-08T16:54:06
================================================================================
[2023-10-08T16:54:37.344+0000] {manager.py:893} INFO - 
================================================================================
DAG File Processing Stats

File Path                         PID    Runtime      # DAGs    # Errors  Last Runtime    Last Run
--------------------------------  -----  ---------  --------  ----------  --------------  -------------------
/opt/airflow/dags/welcome_dag.py                           1           0  0.31s           2023-10-08T16:54:37
================================================================================
[2023-10-08T16:55:07.982+0000] {manager.py:893} INFO - 
================================================================================
DAG File Processing Stats

File Path                         PID    Runtime      # DAGs    # Errors  Last Runtime    Last Run
--------------------------------  -----  ---------  --------  ----------  --------------  -------------------
/opt/airflow/dags/welcome_dag.py                           1           0  0.30s           2023-10-08T16:55:07
================================================================================
[2023-10-08T16:55:38.523+0000] {manager.py:893} INFO - 
================================================================================
DAG File Processing Stats

File Path                         PID    Runtime      # DAGs    # Errors  Last Runtime    Last Run
--------------------------------  -----  ---------  --------  ----------  --------------  -------------------
/opt/airflow/dags/welcome_dag.py                           1           0  0.31s           2023-10-08T16:55:38
================================================================================
[2023-10-08T16:56:09.201+0000] {manager.py:893} INFO - 
================================================================================
DAG File Processing Stats

File Path                         PID    Runtime      # DAGs    # Errors  Last Runtime    Last Run
--------------------------------  -----  ---------  --------  ----------  --------------  -------------------
/opt/airflow/dags/welcome_dag.py                           1           0  0.31s           2023-10-08T16:56:09
================================================================================
[2023-10-08T16:56:40.003+0000] {manager.py:893} INFO - 
================================================================================
DAG File Processing Stats

File Path                         PID    Runtime      # DAGs    # Errors  Last Runtime    Last Run
--------------------------------  -----  ---------  --------  ----------  --------------  -------------------
/opt/airflow/dags/welcome_dag.py                           1           0  0.41s           2023-10-08T16:56:40
================================================================================
[2023-10-08T16:57:10.611+0000] {manager.py:893} INFO - 
================================================================================
DAG File Processing Stats

File Path                         PID    Runtime      # DAGs    # Errors  Last Runtime    Last Run
--------------------------------  -----  ---------  --------  ----------  --------------  -------------------
/opt/airflow/dags/welcome_dag.py                           1           0  0.31s           2023-10-08T16:57:10
================================================================================
[2023-10-08T16:57:41.149+0000] {manager.py:893} INFO - 
================================================================================
DAG File Processing Stats

File Path                         PID    Runtime      # DAGs    # Errors  Last Runtime    Last Run
--------------------------------  -----  ---------  --------  ----------  --------------  -------------------
/opt/airflow/dags/welcome_dag.py                           1           0  0.31s           2023-10-08T16:57:41
================================================================================
[2023-10-08T16:58:11.714+0000] {manager.py:893} INFO - 
================================================================================
DAG File Processing Stats

File Path                         PID    Runtime      # DAGs    # Errors  Last Runtime    Last Run
--------------------------------  -----  ---------  --------  ----------  --------------  -------------------
/opt/airflow/dags/welcome_dag.py                           1           0  0.31s           2023-10-08T16:58:11
================================================================================
[2023-10-08T16:58:18.076+0000] {manager.py:759} INFO - Searching for files in /opt/airflow/dags
[2023-10-08T16:58:18.155+0000] {manager.py:762} INFO - There are 1 files in /opt/airflow/dags
[2023-10-08T16:58:42.455+0000] {manager.py:893} INFO - 
================================================================================
DAG File Processing Stats

File Path                         PID    Runtime      # DAGs    # Errors  Last Runtime    Last Run
--------------------------------  -----  ---------  --------  ----------  --------------  -------------------
/opt/airflow/dags/welcome_dag.py                           1           0  0.41s           2023-10-08T16:58:42
================================================================================
[2023-10-08T16:59:13.300+0000] {manager.py:893} INFO - 
================================================================================
DAG File Processing Stats

File Path                         PID    Runtime      # DAGs    # Errors  Last Runtime    Last Run
--------------------------------  -----  ---------  --------  ----------  --------------  -------------------
/opt/airflow/dags/welcome_dag.py                           1           0  0.52s           2023-10-08T16:59:13
================================================================================
[2023-10-08T16:59:44.131+0000] {manager.py:893} INFO - 
================================================================================
DAG File Processing Stats

File Path                         PID    Runtime      # DAGs    # Errors  Last Runtime    Last Run
--------------------------------  -----  ---------  --------  ----------  --------------  -------------------
/opt/airflow/dags/welcome_dag.py                           1           0  0.41s           2023-10-08T16:59:44
================================================================================
[2023-10-08T17:00:14.725+0000] {manager.py:893} INFO - 
================================================================================
DAG File Processing Stats

File Path                         PID    Runtime      # DAGs    # Errors  Last Runtime    Last Run
--------------------------------  -----  ---------  --------  ----------  --------------  -------------------
/opt/airflow/dags/welcome_dag.py                           1           0  0.30s           2023-10-08T17:00:14
================================================================================
[2023-10-08T17:00:45.372+0000] {manager.py:893} INFO - 
================================================================================
DAG File Processing Stats

File Path                         PID    Runtime      # DAGs    # Errors  Last Runtime    Last Run
--------------------------------  -----  ---------  --------  ----------  --------------  -------------------
/opt/airflow/dags/welcome_dag.py                           1           0  0.31s           2023-10-08T17:00:45
================================================================================
[2023-10-08T17:01:16.016+0000] {manager.py:893} INFO - 
================================================================================
DAG File Processing Stats

File Path                         PID    Runtime      # DAGs    # Errors  Last Runtime    Last Run
--------------------------------  -----  ---------  --------  ----------  --------------  -------------------
/opt/airflow/dags/welcome_dag.py                           1           0  0.31s           2023-10-08T17:01:16
================================================================================
[2023-10-08T17:01:46.682+0000] {manager.py:893} INFO - 
================================================================================
DAG File Processing Stats

File Path                         PID    Runtime      # DAGs    # Errors  Last Runtime    Last Run
--------------------------------  -----  ---------  --------  ----------  --------------  -------------------
/opt/airflow/dags/welcome_dag.py                           1           0  0.31s           2023-10-08T17:01:46
================================================================================
[2023-10-08T17:02:17.333+0000] {manager.py:893} INFO - 
================================================================================
DAG File Processing Stats

File Path                         PID    Runtime      # DAGs    # Errors  Last Runtime    Last Run
--------------------------------  -----  ---------  --------  ----------  --------------  -------------------
/opt/airflow/dags/welcome_dag.py                           1           0  0.40s           2023-10-08T17:02:17
================================================================================
[2023-10-08T17:02:48.179+0000] {manager.py:893} INFO - 
================================================================================
DAG File Processing Stats

File Path                         PID    Runtime      # DAGs    # Errors  Last Runtime    Last Run
--------------------------------  -----  ---------  --------  ----------  --------------  -------------------
/opt/airflow/dags/welcome_dag.py                           1           0  0.41s           2023-10-08T17:02:48
================================================================================
[2023-10-08T17:03:18.181+0000] {manager.py:759} INFO - Searching for files in /opt/airflow/dags
[2023-10-08T17:03:18.253+0000] {manager.py:762} INFO - There are 1 files in /opt/airflow/dags
[2023-10-08T17:03:18.674+0000] {manager.py:893} INFO - 
================================================================================
DAG File Processing Stats

File Path                         PID    Runtime      # DAGs    # Errors  Last Runtime    Last Run
--------------------------------  -----  ---------  --------  ----------  --------------  -------------------
/opt/airflow/dags/welcome_dag.py                           1           0  0.30s           2023-10-08T17:03:18
================================================================================
[2023-10-08T17:03:49.354+0000] {manager.py:893} INFO - 
================================================================================
DAG File Processing Stats

File Path                         PID    Runtime      # DAGs    # Errors  Last Runtime    Last Run
--------------------------------  -----  ---------  --------  ----------  --------------  -------------------
/opt/airflow/dags/welcome_dag.py                           1           0  0.31s           2023-10-08T17:03:49
================================================================================
[2023-10-08T17:04:20.222+0000] {manager.py:893} INFO - 
================================================================================
DAG File Processing Stats

File Path                         PID    Runtime      # DAGs    # Errors  Last Runtime    Last Run
--------------------------------  -----  ---------  --------  ----------  --------------  -------------------
/opt/airflow/dags/welcome_dag.py                           1           0  0.51s           2023-10-08T17:04:20
================================================================================
[2023-10-08T17:04:51.042+0000] {manager.py:893} INFO - 
================================================================================
DAG File Processing Stats

File Path                         PID    Runtime      # DAGs    # Errors  Last Runtime    Last Run
--------------------------------  -----  ---------  --------  ----------  --------------  -------------------
/opt/airflow/dags/welcome_dag.py                           1           0  0.41s           2023-10-08T17:04:51
================================================================================
[2023-10-08T17:05:21.722+0000] {manager.py:893} INFO - 
================================================================================
DAG File Processing Stats

File Path                         PID    Runtime      # DAGs    # Errors  Last Runtime    Last Run
--------------------------------  -----  ---------  --------  ----------  --------------  -------------------
/opt/airflow/dags/welcome_dag.py                           1           0  0.41s           2023-10-08T17:05:21
================================================================================
[2023-10-08T17:05:52.802+0000] {manager.py:893} INFO - 
================================================================================
DAG File Processing Stats

File Path                         PID    Runtime      # DAGs    # Errors  Last Runtime    Last Run
--------------------------------  -----  ---------  --------  ----------  --------------  -------------------
/opt/airflow/dags/welcome_dag.py                           1           0  0.51s           2023-10-08T17:05:52
================================================================================
[2023-10-08T17:06:23.409+0000] {manager.py:893} INFO - 
================================================================================
DAG File Processing Stats

File Path                         PID    Runtime      # DAGs    # Errors  Last Runtime    Last Run
--------------------------------  -----  ---------  --------  ----------  --------------  -------------------
/opt/airflow/dags/welcome_dag.py                           1           0  0.32s           2023-10-08T17:06:23
================================================================================
[2023-10-08T17:06:54.174+0000] {manager.py:893} INFO - 
================================================================================
DAG File Processing Stats

File Path                         PID    Runtime      # DAGs    # Errors  Last Runtime    Last Run
--------------------------------  -----  ---------  --------  ----------  --------------  -------------------
/opt/airflow/dags/welcome_dag.py                           1           0  0.30s           2023-10-08T17:06:54
================================================================================
[2023-10-08T17:07:25.019+0000] {manager.py:893} INFO - 
================================================================================
DAG File Processing Stats

File Path                         PID    Runtime      # DAGs    # Errors  Last Runtime    Last Run
--------------------------------  -----  ---------  --------  ----------  --------------  -------------------
/opt/airflow/dags/welcome_dag.py                           1           0  0.41s           2023-10-08T17:07:25
================================================================================
[2023-10-08T17:07:55.833+0000] {manager.py:893} INFO - 
================================================================================
DAG File Processing Stats

File Path                         PID    Runtime      # DAGs    # Errors  Last Runtime    Last Run
--------------------------------  -----  ---------  --------  ----------  --------------  -------------------
/opt/airflow/dags/welcome_dag.py                           1           0  0.41s           2023-10-08T17:07:55
================================================================================
[2023-10-08T17:08:18.590+0000] {manager.py:759} INFO - Searching for files in /opt/airflow/dags
[2023-10-08T17:08:18.673+0000] {manager.py:762} INFO - There are 2 files in /opt/airflow/dags
[2023-10-08T17:08:26.567+0000] {manager.py:893} INFO - 
================================================================================
DAG File Processing Stats

File Path                          PID    Runtime      # DAGs    # Errors  Last Runtime    Last Run
---------------------------------  -----  ---------  --------  ----------  --------------  -------------------
/opt/airflow/dags/BigQuery_dag.py                           1           0  2.61s           2023-10-08T17:08:21
/opt/airflow/dags/welcome_dag.py                            1           0  0.31s           2023-10-08T17:08:26
================================================================================
[2023-10-08T17:09:03.186+0000] {manager.py:893} INFO - 
================================================================================
DAG File Processing Stats

File Path                          PID    Runtime      # DAGs    # Errors  Last Runtime    Last Run
---------------------------------  -----  ---------  --------  ----------  --------------  -------------------
/opt/airflow/dags/BigQuery_dag.py                           1           0  1.11s           2023-10-08T17:08:53
/opt/airflow/dags/welcome_dag.py                            1           0  0.30s           2023-10-08T17:09:03
================================================================================
[2023-10-08T17:09:33.583+0000] {manager.py:893} INFO - 
================================================================================
DAG File Processing Stats

File Path                          PID    Runtime      # DAGs    # Errors  Last Runtime    Last Run
---------------------------------  -----  ---------  --------  ----------  --------------  -------------------
/opt/airflow/dags/BigQuery_dag.py                           1           0  0.71s           2023-10-08T17:09:25
/opt/airflow/dags/welcome_dag.py                            1           0  0.31s           2023-10-08T17:09:33
================================================================================
[2023-10-08T17:10:04.484+0000] {manager.py:893} INFO - 
================================================================================
DAG File Processing Stats

File Path                          PID    Runtime      # DAGs    # Errors  Last Runtime    Last Run
---------------------------------  -----  ---------  --------  ----------  --------------  -------------------
/opt/airflow/dags/BigQuery_dag.py                           1           0  0.71s           2023-10-08T17:09:56
/opt/airflow/dags/welcome_dag.py                            1           0  0.30s           2023-10-08T17:10:04
================================================================================
[2023-10-08T17:10:35.153+0000] {manager.py:893} INFO - 
================================================================================
DAG File Processing Stats

File Path                          PID    Runtime      # DAGs    # Errors  Last Runtime    Last Run
---------------------------------  -----  ---------  --------  ----------  --------------  -------------------
/opt/airflow/dags/BigQuery_dag.py                           1           0  0.61s           2023-10-08T17:10:27
/opt/airflow/dags/welcome_dag.py                            1           0  0.31s           2023-10-08T17:10:35
================================================================================
[2023-10-08T17:11:05.532+0000] {manager.py:893} INFO - 
================================================================================
DAG File Processing Stats

File Path                          PID    Runtime      # DAGs    # Errors  Last Runtime    Last Run
---------------------------------  -----  ---------  --------  ----------  --------------  -------------------
/opt/airflow/dags/BigQuery_dag.py                           1           0  0.71s           2023-10-08T17:10:59
/opt/airflow/dags/welcome_dag.py                            1           0  0.30s           2023-10-08T17:11:05
================================================================================
[2023-10-08T17:11:35.868+0000] {manager.py:893} INFO - 
================================================================================
DAG File Processing Stats

File Path                          PID    Runtime      # DAGs    # Errors  Last Runtime    Last Run
---------------------------------  -----  ---------  --------  ----------  --------------  -------------------
/opt/airflow/dags/BigQuery_dag.py                           1           0  0.81s           2023-10-08T17:11:30
/opt/airflow/dags/welcome_dag.py                            1           0  0.31s           2023-10-08T17:11:35
================================================================================
[2023-10-08T17:12:06.792+0000] {manager.py:893} INFO - 
================================================================================
DAG File Processing Stats

File Path                          PID    Runtime      # DAGs    # Errors  Last Runtime    Last Run
---------------------------------  -----  ---------  --------  ----------  --------------  -------------------
/opt/airflow/dags/BigQuery_dag.py                           1           0  0.61s           2023-10-08T17:12:01
/opt/airflow/dags/welcome_dag.py                            1           0  0.31s           2023-10-08T17:12:06
================================================================================
[2023-10-08T17:12:37.674+0000] {manager.py:893} INFO - 
================================================================================
DAG File Processing Stats

File Path                          PID    Runtime      # DAGs    # Errors  Last Runtime    Last Run
---------------------------------  -----  ---------  --------  ----------  --------------  -------------------
/opt/airflow/dags/BigQuery_dag.py                           1           0  0.61s           2023-10-08T17:12:33
/opt/airflow/dags/welcome_dag.py                            1           0  0.30s           2023-10-08T17:12:37
================================================================================
[2023-10-08T17:13:08.553+0000] {manager.py:893} INFO - 
================================================================================
DAG File Processing Stats

File Path                          PID    Runtime      # DAGs    # Errors  Last Runtime    Last Run
---------------------------------  -----  ---------  --------  ----------  --------------  -------------------
/opt/airflow/dags/BigQuery_dag.py                           1           0  0.71s           2023-10-08T17:13:04
/opt/airflow/dags/welcome_dag.py                            1           0  0.30s           2023-10-08T17:13:08
================================================================================
[2023-10-08T17:13:18.710+0000] {manager.py:759} INFO - Searching for files in /opt/airflow/dags
[2023-10-08T17:13:18.803+0000] {manager.py:762} INFO - There are 2 files in /opt/airflow/dags
[2023-10-08T17:13:39.226+0000] {manager.py:893} INFO - 
================================================================================
DAG File Processing Stats

File Path                          PID    Runtime      # DAGs    # Errors  Last Runtime    Last Run
---------------------------------  -----  ---------  --------  ----------  --------------  -------------------
/opt/airflow/dags/BigQuery_dag.py                           1           0  0.61s           2023-10-08T17:13:35
/opt/airflow/dags/welcome_dag.py                            1           0  0.30s           2023-10-08T17:13:39
================================================================================
[2023-10-08T17:14:09.965+0000] {manager.py:893} INFO - 
================================================================================
DAG File Processing Stats

File Path                          PID    Runtime      # DAGs    # Errors  Last Runtime    Last Run
---------------------------------  -----  ---------  --------  ----------  --------------  -------------------
/opt/airflow/dags/BigQuery_dag.py                           1           0  0.71s           2023-10-08T17:13:55
/opt/airflow/dags/welcome_dag.py                            1           0  0.41s           2023-10-08T17:14:09
================================================================================
[2023-10-08T17:14:40.899+0000] {manager.py:893} INFO - 
================================================================================
DAG File Processing Stats

File Path                          PID    Runtime      # DAGs    # Errors  Last Runtime    Last Run
---------------------------------  -----  ---------  --------  ----------  --------------  -------------------
/opt/airflow/dags/BigQuery_dag.py                           1           0  0.61s           2023-10-08T17:14:25
/opt/airflow/dags/welcome_dag.py                            1           0  0.30s           2023-10-08T17:14:40
================================================================================
[2023-10-08T17:15:11.811+0000] {manager.py:893} INFO - 
================================================================================
DAG File Processing Stats

File Path                          PID    Runtime      # DAGs    # Errors  Last Runtime    Last Run
---------------------------------  -----  ---------  --------  ----------  --------------  -------------------
/opt/airflow/dags/BigQuery_dag.py                           1           0  0.71s           2023-10-08T17:14:56
/opt/airflow/dags/welcome_dag.py                            1           0  0.31s           2023-10-08T17:15:11
================================================================================
[2023-10-08T17:15:42.532+0000] {manager.py:893} INFO - 
================================================================================
DAG File Processing Stats

File Path                          PID    Runtime      # DAGs    # Errors  Last Runtime    Last Run
---------------------------------  -----  ---------  --------  ----------  --------------  -------------------
/opt/airflow/dags/BigQuery_dag.py                           1           0  0.71s           2023-10-08T17:15:28
/opt/airflow/dags/welcome_dag.py                            1           0  0.41s           2023-10-08T17:15:42
================================================================================
[2023-10-08T17:16:13.422+0000] {manager.py:893} INFO - 
================================================================================
DAG File Processing Stats

File Path                          PID    Runtime      # DAGs    # Errors  Last Runtime    Last Run
---------------------------------  -----  ---------  --------  ----------  --------------  -------------------
/opt/airflow/dags/BigQuery_dag.py                           1           0  0.71s           2023-10-08T17:15:59
/opt/airflow/dags/welcome_dag.py                            1           0  0.31s           2023-10-08T17:16:13
================================================================================
[2023-10-08T17:16:44.043+0000] {manager.py:893} INFO - 
================================================================================
DAG File Processing Stats

File Path                          PID    Runtime      # DAGs    # Errors  Last Runtime    Last Run
---------------------------------  -----  ---------  --------  ----------  --------------  -------------------
/opt/airflow/dags/BigQuery_dag.py                           1           0  0.71s           2023-10-08T17:16:31
/opt/airflow/dags/welcome_dag.py                            1           0  0.30s           2023-10-08T17:16:44
================================================================================
[2023-10-08T17:17:15.355+0000] {manager.py:893} INFO - 
================================================================================
DAG File Processing Stats

File Path                          PID    Runtime      # DAGs    # Errors  Last Runtime    Last Run
---------------------------------  -----  ---------  --------  ----------  --------------  -------------------
/opt/airflow/dags/BigQuery_dag.py                           1           0  0.71s           2023-10-08T17:17:02
/opt/airflow/dags/welcome_dag.py                            1           0  0.71s           2023-10-08T17:17:15
================================================================================
