[2023-10-08T16:43:16.558+0000] {processor.py:157} INFO - Started process (PID=72) to work on /opt/airflow/dags/welcome_dag.py
[2023-10-08T16:43:16.566+0000] {processor.py:829} INFO - Processing file /opt/airflow/dags/welcome_dag.py for tasks to queue
[2023-10-08T16:43:16.578+0000] {logging_mixin.py:151} INFO - [2023-10-08T16:43:16.570+0000] {dagbag.py:539} INFO - Filling up the DagBag from /opt/airflow/dags/welcome_dag.py
[2023-10-08T16:43:16.793+0000] {processor.py:839} INFO - DAG(s) dict_keys(['welcome_dag']) retrieved from /opt/airflow/dags/welcome_dag.py
[2023-10-08T16:43:17.424+0000] {logging_mixin.py:151} INFO - [2023-10-08T16:43:17.424+0000] {manager.py:499} INFO - Created Permission View: %s
[2023-10-08T16:43:18.173+0000] {logging_mixin.py:151} INFO - [2023-10-08T16:43:18.172+0000] {manager.py:499} INFO - Created Permission View: %s
[2023-10-08T16:43:18.235+0000] {logging_mixin.py:151} INFO - [2023-10-08T16:43:18.235+0000] {manager.py:499} INFO - Created Permission View: %s
[2023-10-08T16:43:18.236+0000] {logging_mixin.py:151} INFO - [2023-10-08T16:43:18.236+0000] {security.py:708} INFO - Not syncing DAG-level permissions for DAG 'DAG:welcome_dag' as access control is unset.
[2023-10-08T16:43:18.237+0000] {logging_mixin.py:151} INFO - [2023-10-08T16:43:18.237+0000] {dag.py:2915} INFO - Sync 1 DAGs
[2023-10-08T16:43:18.271+0000] {logging_mixin.py:151} INFO - [2023-10-08T16:43:18.270+0000] {dag.py:2937} INFO - Creating ORM DAG for welcome_dag
[2023-10-08T16:43:18.297+0000] {logging_mixin.py:151} INFO - [2023-10-08T16:43:18.296+0000] {dag.py:3696} INFO - Setting next_dagrun for welcome_dag to 2023-10-07T23:00:00+00:00, run_after=2023-10-08T23:00:00+00:00
[2023-10-08T16:43:18.423+0000] {processor.py:179} INFO - Processing /opt/airflow/dags/welcome_dag.py took 1.902 seconds
[2023-10-08T16:43:49.204+0000] {processor.py:157} INFO - Started process (PID=73) to work on /opt/airflow/dags/welcome_dag.py
[2023-10-08T16:43:49.207+0000] {processor.py:829} INFO - Processing file /opt/airflow/dags/welcome_dag.py for tasks to queue
[2023-10-08T16:43:49.211+0000] {logging_mixin.py:151} INFO - [2023-10-08T16:43:49.208+0000] {dagbag.py:539} INFO - Filling up the DagBag from /opt/airflow/dags/welcome_dag.py
[2023-10-08T16:43:49.289+0000] {processor.py:839} INFO - DAG(s) dict_keys(['welcome_dag']) retrieved from /opt/airflow/dags/welcome_dag.py
[2023-10-08T16:43:49.364+0000] {logging_mixin.py:151} INFO - [2023-10-08T16:43:49.363+0000] {dag.py:2915} INFO - Sync 1 DAGs
[2023-10-08T16:43:49.435+0000] {logging_mixin.py:151} INFO - [2023-10-08T16:43:49.434+0000] {dag.py:3696} INFO - Setting next_dagrun for welcome_dag to 2023-10-07T23:00:00+00:00, run_after=2023-10-08T23:00:00+00:00
[2023-10-08T16:43:49.556+0000] {processor.py:179} INFO - Processing /opt/airflow/dags/welcome_dag.py took 0.364 seconds
[2023-10-08T16:44:19.957+0000] {processor.py:157} INFO - Started process (PID=74) to work on /opt/airflow/dags/welcome_dag.py
[2023-10-08T16:44:19.959+0000] {processor.py:829} INFO - Processing file /opt/airflow/dags/welcome_dag.py for tasks to queue
[2023-10-08T16:44:19.961+0000] {logging_mixin.py:151} INFO - [2023-10-08T16:44:19.961+0000] {dagbag.py:539} INFO - Filling up the DagBag from /opt/airflow/dags/welcome_dag.py
[2023-10-08T16:44:20.022+0000] {processor.py:839} INFO - DAG(s) dict_keys(['welcome_dag']) retrieved from /opt/airflow/dags/welcome_dag.py
[2023-10-08T16:44:20.080+0000] {logging_mixin.py:151} INFO - [2023-10-08T16:44:20.079+0000] {dag.py:2915} INFO - Sync 1 DAGs
[2023-10-08T16:44:20.124+0000] {logging_mixin.py:151} INFO - [2023-10-08T16:44:20.124+0000] {dag.py:3696} INFO - Setting next_dagrun for welcome_dag to 2023-10-07T23:00:00+00:00, run_after=2023-10-08T23:00:00+00:00
[2023-10-08T16:44:20.242+0000] {processor.py:179} INFO - Processing /opt/airflow/dags/welcome_dag.py took 0.291 seconds
[2023-10-08T16:44:52.514+0000] {processor.py:157} INFO - Started process (PID=85) to work on /opt/airflow/dags/welcome_dag.py
[2023-10-08T16:44:52.515+0000] {processor.py:829} INFO - Processing file /opt/airflow/dags/welcome_dag.py for tasks to queue
[2023-10-08T16:44:52.521+0000] {logging_mixin.py:151} INFO - [2023-10-08T16:44:52.517+0000] {dagbag.py:539} INFO - Filling up the DagBag from /opt/airflow/dags/welcome_dag.py
[2023-10-08T16:44:52.591+0000] {processor.py:839} INFO - DAG(s) dict_keys(['welcome_dag']) retrieved from /opt/airflow/dags/welcome_dag.py
[2023-10-08T16:44:52.649+0000] {logging_mixin.py:151} INFO - [2023-10-08T16:44:52.649+0000] {dag.py:2915} INFO - Sync 1 DAGs
[2023-10-08T16:44:52.729+0000] {logging_mixin.py:151} INFO - [2023-10-08T16:44:52.728+0000] {dag.py:3696} INFO - Setting next_dagrun for welcome_dag to 2023-10-07T23:00:00+00:00, run_after=2023-10-08T23:00:00+00:00
[2023-10-08T16:44:52.850+0000] {processor.py:179} INFO - Processing /opt/airflow/dags/welcome_dag.py took 0.340 seconds
[2023-10-08T16:45:22.944+0000] {processor.py:157} INFO - Started process (PID=106) to work on /opt/airflow/dags/welcome_dag.py
[2023-10-08T16:45:22.945+0000] {processor.py:829} INFO - Processing file /opt/airflow/dags/welcome_dag.py for tasks to queue
[2023-10-08T16:45:22.947+0000] {logging_mixin.py:151} INFO - [2023-10-08T16:45:22.946+0000] {dagbag.py:539} INFO - Filling up the DagBag from /opt/airflow/dags/welcome_dag.py
[2023-10-08T16:45:23.009+0000] {processor.py:839} INFO - DAG(s) dict_keys(['welcome_dag']) retrieved from /opt/airflow/dags/welcome_dag.py
[2023-10-08T16:45:23.059+0000] {logging_mixin.py:151} INFO - [2023-10-08T16:45:23.059+0000] {dag.py:2915} INFO - Sync 1 DAGs
[2023-10-08T16:45:23.104+0000] {logging_mixin.py:151} INFO - [2023-10-08T16:45:23.103+0000] {dag.py:3696} INFO - Setting next_dagrun for welcome_dag to 2023-10-07T23:00:00+00:00, run_after=2023-10-08T23:00:00+00:00
[2023-10-08T16:45:23.212+0000] {processor.py:179} INFO - Processing /opt/airflow/dags/welcome_dag.py took 0.272 seconds
[2023-10-08T16:45:53.841+0000] {processor.py:157} INFO - Started process (PID=107) to work on /opt/airflow/dags/welcome_dag.py
[2023-10-08T16:45:53.843+0000] {processor.py:829} INFO - Processing file /opt/airflow/dags/welcome_dag.py for tasks to queue
[2023-10-08T16:45:53.844+0000] {logging_mixin.py:151} INFO - [2023-10-08T16:45:53.844+0000] {dagbag.py:539} INFO - Filling up the DagBag from /opt/airflow/dags/welcome_dag.py
[2023-10-08T16:45:53.899+0000] {processor.py:839} INFO - DAG(s) dict_keys(['welcome_dag']) retrieved from /opt/airflow/dags/welcome_dag.py
[2023-10-08T16:45:53.945+0000] {logging_mixin.py:151} INFO - [2023-10-08T16:45:53.945+0000] {dag.py:2915} INFO - Sync 1 DAGs
[2023-10-08T16:45:53.985+0000] {logging_mixin.py:151} INFO - [2023-10-08T16:45:53.985+0000] {dag.py:3696} INFO - Setting next_dagrun for welcome_dag to 2023-10-07T23:00:00+00:00, run_after=2023-10-08T23:00:00+00:00
[2023-10-08T16:45:54.416+0000] {processor.py:179} INFO - Processing /opt/airflow/dags/welcome_dag.py took 0.578 seconds
[2023-10-08T16:46:24.502+0000] {processor.py:157} INFO - Started process (PID=108) to work on /opt/airflow/dags/welcome_dag.py
[2023-10-08T16:46:24.504+0000] {processor.py:829} INFO - Processing file /opt/airflow/dags/welcome_dag.py for tasks to queue
[2023-10-08T16:46:24.506+0000] {logging_mixin.py:151} INFO - [2023-10-08T16:46:24.505+0000] {dagbag.py:539} INFO - Filling up the DagBag from /opt/airflow/dags/welcome_dag.py
[2023-10-08T16:46:24.566+0000] {processor.py:839} INFO - DAG(s) dict_keys(['welcome_dag']) retrieved from /opt/airflow/dags/welcome_dag.py
[2023-10-08T16:46:24.616+0000] {logging_mixin.py:151} INFO - [2023-10-08T16:46:24.616+0000] {dag.py:2915} INFO - Sync 1 DAGs
[2023-10-08T16:46:24.802+0000] {logging_mixin.py:151} INFO - [2023-10-08T16:46:24.802+0000] {dag.py:3696} INFO - Setting next_dagrun for welcome_dag to 2023-10-07T23:00:00+00:00, run_after=2023-10-08T23:00:00+00:00
[2023-10-08T16:46:24.904+0000] {processor.py:179} INFO - Processing /opt/airflow/dags/welcome_dag.py took 0.406 seconds
[2023-10-08T16:46:55.610+0000] {processor.py:157} INFO - Started process (PID=109) to work on /opt/airflow/dags/welcome_dag.py
[2023-10-08T16:46:55.615+0000] {processor.py:829} INFO - Processing file /opt/airflow/dags/welcome_dag.py for tasks to queue
[2023-10-08T16:46:55.618+0000] {logging_mixin.py:151} INFO - [2023-10-08T16:46:55.617+0000] {dagbag.py:539} INFO - Filling up the DagBag from /opt/airflow/dags/welcome_dag.py
[2023-10-08T16:46:55.681+0000] {processor.py:839} INFO - DAG(s) dict_keys(['welcome_dag']) retrieved from /opt/airflow/dags/welcome_dag.py
[2023-10-08T16:46:55.733+0000] {logging_mixin.py:151} INFO - [2023-10-08T16:46:55.733+0000] {dag.py:2915} INFO - Sync 1 DAGs
[2023-10-08T16:46:55.903+0000] {logging_mixin.py:151} INFO - [2023-10-08T16:46:55.903+0000] {dag.py:3696} INFO - Setting next_dagrun for welcome_dag to 2023-10-07T23:00:00+00:00, run_after=2023-10-08T23:00:00+00:00
[2023-10-08T16:46:56.053+0000] {processor.py:179} INFO - Processing /opt/airflow/dags/welcome_dag.py took 0.459 seconds
[2023-10-08T16:47:26.128+0000] {processor.py:157} INFO - Started process (PID=110) to work on /opt/airflow/dags/welcome_dag.py
[2023-10-08T16:47:26.131+0000] {processor.py:829} INFO - Processing file /opt/airflow/dags/welcome_dag.py for tasks to queue
[2023-10-08T16:47:26.133+0000] {logging_mixin.py:151} INFO - [2023-10-08T16:47:26.132+0000] {dagbag.py:539} INFO - Filling up the DagBag from /opt/airflow/dags/welcome_dag.py
[2023-10-08T16:47:26.188+0000] {processor.py:839} INFO - DAG(s) dict_keys(['welcome_dag']) retrieved from /opt/airflow/dags/welcome_dag.py
[2023-10-08T16:47:26.234+0000] {logging_mixin.py:151} INFO - [2023-10-08T16:47:26.234+0000] {dag.py:2915} INFO - Sync 1 DAGs
[2023-10-08T16:47:26.400+0000] {logging_mixin.py:151} INFO - [2023-10-08T16:47:26.400+0000] {dag.py:3696} INFO - Setting next_dagrun for welcome_dag to 2023-10-07T23:00:00+00:00, run_after=2023-10-08T23:00:00+00:00
[2023-10-08T16:47:26.520+0000] {processor.py:179} INFO - Processing /opt/airflow/dags/welcome_dag.py took 0.404 seconds
[2023-10-08T16:47:57.165+0000] {processor.py:157} INFO - Started process (PID=111) to work on /opt/airflow/dags/welcome_dag.py
[2023-10-08T16:47:57.167+0000] {processor.py:829} INFO - Processing file /opt/airflow/dags/welcome_dag.py for tasks to queue
[2023-10-08T16:47:57.169+0000] {logging_mixin.py:151} INFO - [2023-10-08T16:47:57.168+0000] {dagbag.py:539} INFO - Filling up the DagBag from /opt/airflow/dags/welcome_dag.py
[2023-10-08T16:47:57.272+0000] {processor.py:839} INFO - DAG(s) dict_keys(['welcome_dag']) retrieved from /opt/airflow/dags/welcome_dag.py
[2023-10-08T16:47:57.446+0000] {logging_mixin.py:151} INFO - [2023-10-08T16:47:57.446+0000] {dag.py:2915} INFO - Sync 1 DAGs
[2023-10-08T16:47:57.488+0000] {logging_mixin.py:151} INFO - [2023-10-08T16:47:57.488+0000] {dag.py:3696} INFO - Setting next_dagrun for welcome_dag to 2023-10-07T23:00:00+00:00, run_after=2023-10-08T23:00:00+00:00
[2023-10-08T16:47:57.608+0000] {processor.py:179} INFO - Processing /opt/airflow/dags/welcome_dag.py took 0.447 seconds
[2023-10-08T16:48:28.270+0000] {processor.py:157} INFO - Started process (PID=112) to work on /opt/airflow/dags/welcome_dag.py
[2023-10-08T16:48:28.272+0000] {processor.py:829} INFO - Processing file /opt/airflow/dags/welcome_dag.py for tasks to queue
[2023-10-08T16:48:28.276+0000] {logging_mixin.py:151} INFO - [2023-10-08T16:48:28.275+0000] {dagbag.py:539} INFO - Filling up the DagBag from /opt/airflow/dags/welcome_dag.py
[2023-10-08T16:48:28.339+0000] {processor.py:839} INFO - DAG(s) dict_keys(['welcome_dag']) retrieved from /opt/airflow/dags/welcome_dag.py
[2023-10-08T16:48:28.522+0000] {logging_mixin.py:151} INFO - [2023-10-08T16:48:28.522+0000] {dag.py:2915} INFO - Sync 1 DAGs
[2023-10-08T16:48:28.570+0000] {logging_mixin.py:151} INFO - [2023-10-08T16:48:28.570+0000] {dag.py:3696} INFO - Setting next_dagrun for welcome_dag to 2023-10-07T23:00:00+00:00, run_after=2023-10-08T23:00:00+00:00
[2023-10-08T16:48:28.694+0000] {processor.py:179} INFO - Processing /opt/airflow/dags/welcome_dag.py took 0.427 seconds
[2023-10-08T16:48:59.016+0000] {processor.py:157} INFO - Started process (PID=113) to work on /opt/airflow/dags/welcome_dag.py
[2023-10-08T16:48:59.017+0000] {processor.py:829} INFO - Processing file /opt/airflow/dags/welcome_dag.py for tasks to queue
[2023-10-08T16:48:59.019+0000] {logging_mixin.py:151} INFO - [2023-10-08T16:48:59.018+0000] {dagbag.py:539} INFO - Filling up the DagBag from /opt/airflow/dags/welcome_dag.py
[2023-10-08T16:48:59.188+0000] {processor.py:839} INFO - DAG(s) dict_keys(['welcome_dag']) retrieved from /opt/airflow/dags/welcome_dag.py
[2023-10-08T16:48:59.227+0000] {logging_mixin.py:151} INFO - [2023-10-08T16:48:59.227+0000] {dag.py:2915} INFO - Sync 1 DAGs
[2023-10-08T16:48:59.262+0000] {logging_mixin.py:151} INFO - [2023-10-08T16:48:59.262+0000] {dag.py:3696} INFO - Setting next_dagrun for welcome_dag to 2023-10-07T23:00:00+00:00, run_after=2023-10-08T23:00:00+00:00
[2023-10-08T16:48:59.383+0000] {processor.py:179} INFO - Processing /opt/airflow/dags/welcome_dag.py took 0.371 seconds
[2023-10-08T16:49:30.126+0000] {processor.py:157} INFO - Started process (PID=114) to work on /opt/airflow/dags/welcome_dag.py
[2023-10-08T16:49:30.128+0000] {processor.py:829} INFO - Processing file /opt/airflow/dags/welcome_dag.py for tasks to queue
[2023-10-08T16:49:30.129+0000] {logging_mixin.py:151} INFO - [2023-10-08T16:49:30.129+0000] {dagbag.py:539} INFO - Filling up the DagBag from /opt/airflow/dags/welcome_dag.py
[2023-10-08T16:49:30.184+0000] {processor.py:839} INFO - DAG(s) dict_keys(['welcome_dag']) retrieved from /opt/airflow/dags/welcome_dag.py
[2023-10-08T16:49:30.240+0000] {logging_mixin.py:151} INFO - [2023-10-08T16:49:30.239+0000] {dag.py:2915} INFO - Sync 1 DAGs
[2023-10-08T16:49:30.279+0000] {logging_mixin.py:151} INFO - [2023-10-08T16:49:30.278+0000] {dag.py:3696} INFO - Setting next_dagrun for welcome_dag to 2023-10-07T23:00:00+00:00, run_after=2023-10-08T23:00:00+00:00
[2023-10-08T16:49:30.402+0000] {processor.py:179} INFO - Processing /opt/airflow/dags/welcome_dag.py took 0.286 seconds
[2023-10-08T16:50:00.599+0000] {processor.py:157} INFO - Started process (PID=115) to work on /opt/airflow/dags/welcome_dag.py
[2023-10-08T16:50:00.604+0000] {processor.py:829} INFO - Processing file /opt/airflow/dags/welcome_dag.py for tasks to queue
[2023-10-08T16:50:00.607+0000] {logging_mixin.py:151} INFO - [2023-10-08T16:50:00.606+0000] {dagbag.py:539} INFO - Filling up the DagBag from /opt/airflow/dags/welcome_dag.py
[2023-10-08T16:50:00.685+0000] {processor.py:839} INFO - DAG(s) dict_keys(['welcome_dag']) retrieved from /opt/airflow/dags/welcome_dag.py
[2023-10-08T16:50:00.759+0000] {logging_mixin.py:151} INFO - [2023-10-08T16:50:00.759+0000] {dag.py:2915} INFO - Sync 1 DAGs
[2023-10-08T16:50:00.810+0000] {logging_mixin.py:151} INFO - [2023-10-08T16:50:00.810+0000] {dag.py:3696} INFO - Setting next_dagrun for welcome_dag to 2023-10-07T23:00:00+00:00, run_after=2023-10-08T23:00:00+00:00
[2023-10-08T16:50:00.926+0000] {processor.py:179} INFO - Processing /opt/airflow/dags/welcome_dag.py took 0.342 seconds
[2023-10-08T16:50:31.427+0000] {processor.py:157} INFO - Started process (PID=116) to work on /opt/airflow/dags/welcome_dag.py
[2023-10-08T16:50:31.428+0000] {processor.py:829} INFO - Processing file /opt/airflow/dags/welcome_dag.py for tasks to queue
[2023-10-08T16:50:31.430+0000] {logging_mixin.py:151} INFO - [2023-10-08T16:50:31.429+0000] {dagbag.py:539} INFO - Filling up the DagBag from /opt/airflow/dags/welcome_dag.py
[2023-10-08T16:50:31.488+0000] {processor.py:839} INFO - DAG(s) dict_keys(['welcome_dag']) retrieved from /opt/airflow/dags/welcome_dag.py
[2023-10-08T16:50:31.538+0000] {logging_mixin.py:151} INFO - [2023-10-08T16:50:31.538+0000] {dag.py:2915} INFO - Sync 1 DAGs
[2023-10-08T16:50:31.581+0000] {logging_mixin.py:151} INFO - [2023-10-08T16:50:31.581+0000] {dag.py:3696} INFO - Setting next_dagrun for welcome_dag to 2023-10-07T23:00:00+00:00, run_after=2023-10-08T23:00:00+00:00
[2023-10-08T16:50:31.698+0000] {processor.py:179} INFO - Processing /opt/airflow/dags/welcome_dag.py took 0.275 seconds
[2023-10-08T16:51:01.926+0000] {processor.py:157} INFO - Started process (PID=117) to work on /opt/airflow/dags/welcome_dag.py
[2023-10-08T16:51:01.930+0000] {processor.py:829} INFO - Processing file /opt/airflow/dags/welcome_dag.py for tasks to queue
[2023-10-08T16:51:01.931+0000] {logging_mixin.py:151} INFO - [2023-10-08T16:51:01.931+0000] {dagbag.py:539} INFO - Filling up the DagBag from /opt/airflow/dags/welcome_dag.py
[2023-10-08T16:51:01.988+0000] {processor.py:839} INFO - DAG(s) dict_keys(['welcome_dag']) retrieved from /opt/airflow/dags/welcome_dag.py
[2023-10-08T16:51:02.037+0000] {logging_mixin.py:151} INFO - [2023-10-08T16:51:02.037+0000] {dag.py:2915} INFO - Sync 1 DAGs
[2023-10-08T16:51:02.082+0000] {logging_mixin.py:151} INFO - [2023-10-08T16:51:02.081+0000] {dag.py:3696} INFO - Setting next_dagrun for welcome_dag to 2023-10-07T23:00:00+00:00, run_after=2023-10-08T23:00:00+00:00
[2023-10-08T16:51:02.195+0000] {processor.py:179} INFO - Processing /opt/airflow/dags/welcome_dag.py took 0.273 seconds
[2023-10-08T16:51:32.644+0000] {processor.py:157} INFO - Started process (PID=118) to work on /opt/airflow/dags/welcome_dag.py
[2023-10-08T16:51:32.647+0000] {processor.py:829} INFO - Processing file /opt/airflow/dags/welcome_dag.py for tasks to queue
[2023-10-08T16:51:32.650+0000] {logging_mixin.py:151} INFO - [2023-10-08T16:51:32.649+0000] {dagbag.py:539} INFO - Filling up the DagBag from /opt/airflow/dags/welcome_dag.py
[2023-10-08T16:51:32.721+0000] {processor.py:839} INFO - DAG(s) dict_keys(['welcome_dag']) retrieved from /opt/airflow/dags/welcome_dag.py
[2023-10-08T16:51:32.784+0000] {logging_mixin.py:151} INFO - [2023-10-08T16:51:32.783+0000] {dag.py:2915} INFO - Sync 1 DAGs
[2023-10-08T16:51:32.827+0000] {logging_mixin.py:151} INFO - [2023-10-08T16:51:32.827+0000] {dag.py:3696} INFO - Setting next_dagrun for welcome_dag to 2023-10-07T23:00:00+00:00, run_after=2023-10-08T23:00:00+00:00
[2023-10-08T16:51:32.946+0000] {processor.py:179} INFO - Processing /opt/airflow/dags/welcome_dag.py took 0.309 seconds
[2023-10-08T16:52:03.438+0000] {processor.py:157} INFO - Started process (PID=119) to work on /opt/airflow/dags/welcome_dag.py
[2023-10-08T16:52:03.440+0000] {processor.py:829} INFO - Processing file /opt/airflow/dags/welcome_dag.py for tasks to queue
[2023-10-08T16:52:03.441+0000] {logging_mixin.py:151} INFO - [2023-10-08T16:52:03.441+0000] {dagbag.py:539} INFO - Filling up the DagBag from /opt/airflow/dags/welcome_dag.py
[2023-10-08T16:52:03.500+0000] {processor.py:839} INFO - DAG(s) dict_keys(['welcome_dag']) retrieved from /opt/airflow/dags/welcome_dag.py
[2023-10-08T16:52:03.558+0000] {logging_mixin.py:151} INFO - [2023-10-08T16:52:03.557+0000] {dag.py:2915} INFO - Sync 1 DAGs
[2023-10-08T16:52:03.612+0000] {logging_mixin.py:151} INFO - [2023-10-08T16:52:03.612+0000] {dag.py:3696} INFO - Setting next_dagrun for welcome_dag to 2023-10-07T23:00:00+00:00, run_after=2023-10-08T23:00:00+00:00
[2023-10-08T16:52:03.750+0000] {processor.py:179} INFO - Processing /opt/airflow/dags/welcome_dag.py took 0.316 seconds
[2023-10-08T16:52:34.230+0000] {processor.py:157} INFO - Started process (PID=120) to work on /opt/airflow/dags/welcome_dag.py
[2023-10-08T16:52:34.232+0000] {processor.py:829} INFO - Processing file /opt/airflow/dags/welcome_dag.py for tasks to queue
[2023-10-08T16:52:34.233+0000] {logging_mixin.py:151} INFO - [2023-10-08T16:52:34.233+0000] {dagbag.py:539} INFO - Filling up the DagBag from /opt/airflow/dags/welcome_dag.py
[2023-10-08T16:52:34.291+0000] {processor.py:839} INFO - DAG(s) dict_keys(['welcome_dag']) retrieved from /opt/airflow/dags/welcome_dag.py
[2023-10-08T16:52:34.340+0000] {logging_mixin.py:151} INFO - [2023-10-08T16:52:34.339+0000] {dag.py:2915} INFO - Sync 1 DAGs
[2023-10-08T16:52:34.379+0000] {logging_mixin.py:151} INFO - [2023-10-08T16:52:34.379+0000] {dag.py:3696} INFO - Setting next_dagrun for welcome_dag to 2023-10-07T23:00:00+00:00, run_after=2023-10-08T23:00:00+00:00
[2023-10-08T16:52:34.496+0000] {processor.py:179} INFO - Processing /opt/airflow/dags/welcome_dag.py took 0.270 seconds
[2023-10-08T16:53:04.915+0000] {processor.py:157} INFO - Started process (PID=121) to work on /opt/airflow/dags/welcome_dag.py
[2023-10-08T16:53:04.917+0000] {processor.py:829} INFO - Processing file /opt/airflow/dags/welcome_dag.py for tasks to queue
[2023-10-08T16:53:04.919+0000] {logging_mixin.py:151} INFO - [2023-10-08T16:53:04.918+0000] {dagbag.py:539} INFO - Filling up the DagBag from /opt/airflow/dags/welcome_dag.py
[2023-10-08T16:53:04.981+0000] {processor.py:839} INFO - DAG(s) dict_keys(['welcome_dag']) retrieved from /opt/airflow/dags/welcome_dag.py
[2023-10-08T16:53:05.033+0000] {logging_mixin.py:151} INFO - [2023-10-08T16:53:05.033+0000] {dag.py:2915} INFO - Sync 1 DAGs
[2023-10-08T16:53:05.070+0000] {logging_mixin.py:151} INFO - [2023-10-08T16:53:05.070+0000] {dag.py:3696} INFO - Setting next_dagrun for welcome_dag to 2023-10-07T23:00:00+00:00, run_after=2023-10-08T23:00:00+00:00
[2023-10-08T16:53:05.175+0000] {processor.py:179} INFO - Processing /opt/airflow/dags/welcome_dag.py took 0.263 seconds
[2023-10-08T16:53:35.549+0000] {processor.py:157} INFO - Started process (PID=122) to work on /opt/airflow/dags/welcome_dag.py
[2023-10-08T16:53:35.551+0000] {processor.py:829} INFO - Processing file /opt/airflow/dags/welcome_dag.py for tasks to queue
[2023-10-08T16:53:35.553+0000] {logging_mixin.py:151} INFO - [2023-10-08T16:53:35.552+0000] {dagbag.py:539} INFO - Filling up the DagBag from /opt/airflow/dags/welcome_dag.py
[2023-10-08T16:53:35.619+0000] {processor.py:839} INFO - DAG(s) dict_keys(['welcome_dag']) retrieved from /opt/airflow/dags/welcome_dag.py
[2023-10-08T16:53:35.672+0000] {logging_mixin.py:151} INFO - [2023-10-08T16:53:35.671+0000] {dag.py:2915} INFO - Sync 1 DAGs
[2023-10-08T16:53:35.710+0000] {logging_mixin.py:151} INFO - [2023-10-08T16:53:35.710+0000] {dag.py:3696} INFO - Setting next_dagrun for welcome_dag to 2023-10-07T23:00:00+00:00, run_after=2023-10-08T23:00:00+00:00
[2023-10-08T16:53:35.835+0000] {processor.py:179} INFO - Processing /opt/airflow/dags/welcome_dag.py took 0.301 seconds
[2023-10-08T16:54:06.196+0000] {processor.py:157} INFO - Started process (PID=123) to work on /opt/airflow/dags/welcome_dag.py
[2023-10-08T16:54:06.198+0000] {processor.py:829} INFO - Processing file /opt/airflow/dags/welcome_dag.py for tasks to queue
[2023-10-08T16:54:06.200+0000] {logging_mixin.py:151} INFO - [2023-10-08T16:54:06.199+0000] {dagbag.py:539} INFO - Filling up the DagBag from /opt/airflow/dags/welcome_dag.py
[2023-10-08T16:54:06.252+0000] {processor.py:839} INFO - DAG(s) dict_keys(['welcome_dag']) retrieved from /opt/airflow/dags/welcome_dag.py
[2023-10-08T16:54:06.297+0000] {logging_mixin.py:151} INFO - [2023-10-08T16:54:06.296+0000] {dag.py:2915} INFO - Sync 1 DAGs
[2023-10-08T16:54:06.334+0000] {logging_mixin.py:151} INFO - [2023-10-08T16:54:06.334+0000] {dag.py:3696} INFO - Setting next_dagrun for welcome_dag to 2023-10-07T23:00:00+00:00, run_after=2023-10-08T23:00:00+00:00
[2023-10-08T16:54:06.489+0000] {processor.py:179} INFO - Processing /opt/airflow/dags/welcome_dag.py took 0.298 seconds
[2023-10-08T16:54:37.064+0000] {processor.py:157} INFO - Started process (PID=124) to work on /opt/airflow/dags/welcome_dag.py
[2023-10-08T16:54:37.066+0000] {processor.py:829} INFO - Processing file /opt/airflow/dags/welcome_dag.py for tasks to queue
[2023-10-08T16:54:37.068+0000] {logging_mixin.py:151} INFO - [2023-10-08T16:54:37.067+0000] {dagbag.py:539} INFO - Filling up the DagBag from /opt/airflow/dags/welcome_dag.py
[2023-10-08T16:54:37.121+0000] {processor.py:839} INFO - DAG(s) dict_keys(['welcome_dag']) retrieved from /opt/airflow/dags/welcome_dag.py
[2023-10-08T16:54:37.169+0000] {logging_mixin.py:151} INFO - [2023-10-08T16:54:37.168+0000] {dag.py:2915} INFO - Sync 1 DAGs
[2023-10-08T16:54:37.206+0000] {logging_mixin.py:151} INFO - [2023-10-08T16:54:37.206+0000] {dag.py:3696} INFO - Setting next_dagrun for welcome_dag to 2023-10-07T23:00:00+00:00, run_after=2023-10-08T23:00:00+00:00
[2023-10-08T16:54:37.328+0000] {processor.py:179} INFO - Processing /opt/airflow/dags/welcome_dag.py took 0.267 seconds
[2023-10-08T16:55:07.707+0000] {processor.py:157} INFO - Started process (PID=125) to work on /opt/airflow/dags/welcome_dag.py
[2023-10-08T16:55:07.708+0000] {processor.py:829} INFO - Processing file /opt/airflow/dags/welcome_dag.py for tasks to queue
[2023-10-08T16:55:07.710+0000] {logging_mixin.py:151} INFO - [2023-10-08T16:55:07.710+0000] {dagbag.py:539} INFO - Filling up the DagBag from /opt/airflow/dags/welcome_dag.py
[2023-10-08T16:55:07.763+0000] {processor.py:839} INFO - DAG(s) dict_keys(['welcome_dag']) retrieved from /opt/airflow/dags/welcome_dag.py
[2023-10-08T16:55:07.811+0000] {logging_mixin.py:151} INFO - [2023-10-08T16:55:07.810+0000] {dag.py:2915} INFO - Sync 1 DAGs
[2023-10-08T16:55:07.851+0000] {logging_mixin.py:151} INFO - [2023-10-08T16:55:07.851+0000] {dag.py:3696} INFO - Setting next_dagrun for welcome_dag to 2023-10-07T23:00:00+00:00, run_after=2023-10-08T23:00:00+00:00
[2023-10-08T16:55:07.954+0000] {processor.py:179} INFO - Processing /opt/airflow/dags/welcome_dag.py took 0.251 seconds
[2023-10-08T16:55:38.241+0000] {processor.py:157} INFO - Started process (PID=126) to work on /opt/airflow/dags/welcome_dag.py
[2023-10-08T16:55:38.243+0000] {processor.py:829} INFO - Processing file /opt/airflow/dags/welcome_dag.py for tasks to queue
[2023-10-08T16:55:38.245+0000] {logging_mixin.py:151} INFO - [2023-10-08T16:55:38.245+0000] {dagbag.py:539} INFO - Filling up the DagBag from /opt/airflow/dags/welcome_dag.py
[2023-10-08T16:55:38.307+0000] {processor.py:839} INFO - DAG(s) dict_keys(['welcome_dag']) retrieved from /opt/airflow/dags/welcome_dag.py
[2023-10-08T16:55:38.355+0000] {logging_mixin.py:151} INFO - [2023-10-08T16:55:38.355+0000] {dag.py:2915} INFO - Sync 1 DAGs
[2023-10-08T16:55:38.397+0000] {logging_mixin.py:151} INFO - [2023-10-08T16:55:38.397+0000] {dag.py:3696} INFO - Setting next_dagrun for welcome_dag to 2023-10-07T23:00:00+00:00, run_after=2023-10-08T23:00:00+00:00
[2023-10-08T16:55:38.510+0000] {processor.py:179} INFO - Processing /opt/airflow/dags/welcome_dag.py took 0.274 seconds
[2023-10-08T16:56:08.918+0000] {processor.py:157} INFO - Started process (PID=127) to work on /opt/airflow/dags/welcome_dag.py
[2023-10-08T16:56:08.920+0000] {processor.py:829} INFO - Processing file /opt/airflow/dags/welcome_dag.py for tasks to queue
[2023-10-08T16:56:08.921+0000] {logging_mixin.py:151} INFO - [2023-10-08T16:56:08.921+0000] {dagbag.py:539} INFO - Filling up the DagBag from /opt/airflow/dags/welcome_dag.py
[2023-10-08T16:56:08.994+0000] {processor.py:839} INFO - DAG(s) dict_keys(['welcome_dag']) retrieved from /opt/airflow/dags/welcome_dag.py
[2023-10-08T16:56:09.039+0000] {logging_mixin.py:151} INFO - [2023-10-08T16:56:09.039+0000] {dag.py:2915} INFO - Sync 1 DAGs
[2023-10-08T16:56:09.077+0000] {logging_mixin.py:151} INFO - [2023-10-08T16:56:09.077+0000] {dag.py:3696} INFO - Setting next_dagrun for welcome_dag to 2023-10-07T23:00:00+00:00, run_after=2023-10-08T23:00:00+00:00
[2023-10-08T16:56:09.192+0000] {processor.py:179} INFO - Processing /opt/airflow/dags/welcome_dag.py took 0.277 seconds
[2023-10-08T16:56:39.632+0000] {processor.py:157} INFO - Started process (PID=128) to work on /opt/airflow/dags/welcome_dag.py
[2023-10-08T16:56:39.636+0000] {processor.py:829} INFO - Processing file /opt/airflow/dags/welcome_dag.py for tasks to queue
[2023-10-08T16:56:39.639+0000] {logging_mixin.py:151} INFO - [2023-10-08T16:56:39.638+0000] {dagbag.py:539} INFO - Filling up the DagBag from /opt/airflow/dags/welcome_dag.py
[2023-10-08T16:56:39.704+0000] {processor.py:839} INFO - DAG(s) dict_keys(['welcome_dag']) retrieved from /opt/airflow/dags/welcome_dag.py
[2023-10-08T16:56:39.764+0000] {logging_mixin.py:151} INFO - [2023-10-08T16:56:39.764+0000] {dag.py:2915} INFO - Sync 1 DAGs
[2023-10-08T16:56:39.813+0000] {logging_mixin.py:151} INFO - [2023-10-08T16:56:39.813+0000] {dag.py:3696} INFO - Setting next_dagrun for welcome_dag to 2023-10-07T23:00:00+00:00, run_after=2023-10-08T23:00:00+00:00
[2023-10-08T16:56:39.928+0000] {processor.py:179} INFO - Processing /opt/airflow/dags/welcome_dag.py took 0.303 seconds
[2023-10-08T16:57:10.333+0000] {processor.py:157} INFO - Started process (PID=129) to work on /opt/airflow/dags/welcome_dag.py
[2023-10-08T16:57:10.334+0000] {processor.py:829} INFO - Processing file /opt/airflow/dags/welcome_dag.py for tasks to queue
[2023-10-08T16:57:10.336+0000] {logging_mixin.py:151} INFO - [2023-10-08T16:57:10.335+0000] {dagbag.py:539} INFO - Filling up the DagBag from /opt/airflow/dags/welcome_dag.py
[2023-10-08T16:57:10.388+0000] {processor.py:839} INFO - DAG(s) dict_keys(['welcome_dag']) retrieved from /opt/airflow/dags/welcome_dag.py
[2023-10-08T16:57:10.434+0000] {logging_mixin.py:151} INFO - [2023-10-08T16:57:10.434+0000] {dag.py:2915} INFO - Sync 1 DAGs
[2023-10-08T16:57:10.470+0000] {logging_mixin.py:151} INFO - [2023-10-08T16:57:10.470+0000] {dag.py:3696} INFO - Setting next_dagrun for welcome_dag to 2023-10-07T23:00:00+00:00, run_after=2023-10-08T23:00:00+00:00
[2023-10-08T16:57:10.584+0000] {processor.py:179} INFO - Processing /opt/airflow/dags/welcome_dag.py took 0.255 seconds
[2023-10-08T16:57:40.871+0000] {processor.py:157} INFO - Started process (PID=130) to work on /opt/airflow/dags/welcome_dag.py
[2023-10-08T16:57:40.872+0000] {processor.py:829} INFO - Processing file /opt/airflow/dags/welcome_dag.py for tasks to queue
[2023-10-08T16:57:40.874+0000] {logging_mixin.py:151} INFO - [2023-10-08T16:57:40.873+0000] {dagbag.py:539} INFO - Filling up the DagBag from /opt/airflow/dags/welcome_dag.py
[2023-10-08T16:57:40.925+0000] {processor.py:839} INFO - DAG(s) dict_keys(['welcome_dag']) retrieved from /opt/airflow/dags/welcome_dag.py
[2023-10-08T16:57:40.977+0000] {logging_mixin.py:151} INFO - [2023-10-08T16:57:40.977+0000] {dag.py:2915} INFO - Sync 1 DAGs
[2023-10-08T16:57:41.013+0000] {logging_mixin.py:151} INFO - [2023-10-08T16:57:41.012+0000] {dag.py:3696} INFO - Setting next_dagrun for welcome_dag to 2023-10-07T23:00:00+00:00, run_after=2023-10-08T23:00:00+00:00
[2023-10-08T16:57:41.124+0000] {processor.py:179} INFO - Processing /opt/airflow/dags/welcome_dag.py took 0.258 seconds
[2023-10-08T16:58:11.439+0000] {processor.py:157} INFO - Started process (PID=131) to work on /opt/airflow/dags/welcome_dag.py
[2023-10-08T16:58:11.441+0000] {processor.py:829} INFO - Processing file /opt/airflow/dags/welcome_dag.py for tasks to queue
[2023-10-08T16:58:11.442+0000] {logging_mixin.py:151} INFO - [2023-10-08T16:58:11.442+0000] {dagbag.py:539} INFO - Filling up the DagBag from /opt/airflow/dags/welcome_dag.py
[2023-10-08T16:58:11.496+0000] {processor.py:839} INFO - DAG(s) dict_keys(['welcome_dag']) retrieved from /opt/airflow/dags/welcome_dag.py
[2023-10-08T16:58:11.544+0000] {logging_mixin.py:151} INFO - [2023-10-08T16:58:11.544+0000] {dag.py:2915} INFO - Sync 1 DAGs
[2023-10-08T16:58:11.582+0000] {logging_mixin.py:151} INFO - [2023-10-08T16:58:11.582+0000] {dag.py:3696} INFO - Setting next_dagrun for welcome_dag to 2023-10-07T23:00:00+00:00, run_after=2023-10-08T23:00:00+00:00
[2023-10-08T16:58:11.694+0000] {processor.py:179} INFO - Processing /opt/airflow/dags/welcome_dag.py took 0.259 seconds
[2023-10-08T16:58:42.081+0000] {processor.py:157} INFO - Started process (PID=132) to work on /opt/airflow/dags/welcome_dag.py
[2023-10-08T16:58:42.083+0000] {processor.py:829} INFO - Processing file /opt/airflow/dags/welcome_dag.py for tasks to queue
[2023-10-08T16:58:42.085+0000] {logging_mixin.py:151} INFO - [2023-10-08T16:58:42.085+0000] {dagbag.py:539} INFO - Filling up the DagBag from /opt/airflow/dags/welcome_dag.py
[2023-10-08T16:58:42.142+0000] {processor.py:839} INFO - DAG(s) dict_keys(['welcome_dag']) retrieved from /opt/airflow/dags/welcome_dag.py
[2023-10-08T16:58:42.191+0000] {logging_mixin.py:151} INFO - [2023-10-08T16:58:42.191+0000] {dag.py:2915} INFO - Sync 1 DAGs
[2023-10-08T16:58:42.231+0000] {logging_mixin.py:151} INFO - [2023-10-08T16:58:42.231+0000] {dag.py:3696} INFO - Setting next_dagrun for welcome_dag to 2023-10-07T23:00:00+00:00, run_after=2023-10-08T23:00:00+00:00
[2023-10-08T16:58:42.354+0000] {processor.py:179} INFO - Processing /opt/airflow/dags/welcome_dag.py took 0.277 seconds
[2023-10-08T16:59:12.817+0000] {processor.py:157} INFO - Started process (PID=133) to work on /opt/airflow/dags/welcome_dag.py
[2023-10-08T16:59:12.819+0000] {processor.py:829} INFO - Processing file /opt/airflow/dags/welcome_dag.py for tasks to queue
[2023-10-08T16:59:12.825+0000] {logging_mixin.py:151} INFO - [2023-10-08T16:59:12.824+0000] {dagbag.py:539} INFO - Filling up the DagBag from /opt/airflow/dags/welcome_dag.py
[2023-10-08T16:59:12.932+0000] {processor.py:839} INFO - DAG(s) dict_keys(['welcome_dag']) retrieved from /opt/airflow/dags/welcome_dag.py
[2023-10-08T16:59:12.994+0000] {logging_mixin.py:151} INFO - [2023-10-08T16:59:12.993+0000] {dag.py:2915} INFO - Sync 1 DAGs
[2023-10-08T16:59:13.067+0000] {logging_mixin.py:151} INFO - [2023-10-08T16:59:13.066+0000] {dag.py:3696} INFO - Setting next_dagrun for welcome_dag to 2023-10-07T23:00:00+00:00, run_after=2023-10-08T23:00:00+00:00
[2023-10-08T16:59:13.284+0000] {processor.py:179} INFO - Processing /opt/airflow/dags/welcome_dag.py took 0.472 seconds
[2023-10-08T16:59:43.756+0000] {processor.py:157} INFO - Started process (PID=134) to work on /opt/airflow/dags/welcome_dag.py
[2023-10-08T16:59:43.758+0000] {processor.py:829} INFO - Processing file /opt/airflow/dags/welcome_dag.py for tasks to queue
[2023-10-08T16:59:43.760+0000] {logging_mixin.py:151} INFO - [2023-10-08T16:59:43.760+0000] {dagbag.py:539} INFO - Filling up the DagBag from /opt/airflow/dags/welcome_dag.py
[2023-10-08T16:59:43.818+0000] {processor.py:839} INFO - DAG(s) dict_keys(['welcome_dag']) retrieved from /opt/airflow/dags/welcome_dag.py
[2023-10-08T16:59:43.878+0000] {logging_mixin.py:151} INFO - [2023-10-08T16:59:43.878+0000] {dag.py:2915} INFO - Sync 1 DAGs
[2023-10-08T16:59:43.930+0000] {logging_mixin.py:151} INFO - [2023-10-08T16:59:43.930+0000] {dag.py:3696} INFO - Setting next_dagrun for welcome_dag to 2023-10-07T23:00:00+00:00, run_after=2023-10-08T23:00:00+00:00
[2023-10-08T16:59:44.073+0000] {processor.py:179} INFO - Processing /opt/airflow/dags/welcome_dag.py took 0.321 seconds
[2023-10-08T17:00:14.451+0000] {processor.py:157} INFO - Started process (PID=135) to work on /opt/airflow/dags/welcome_dag.py
[2023-10-08T17:00:14.452+0000] {processor.py:829} INFO - Processing file /opt/airflow/dags/welcome_dag.py for tasks to queue
[2023-10-08T17:00:14.454+0000] {logging_mixin.py:151} INFO - [2023-10-08T17:00:14.454+0000] {dagbag.py:539} INFO - Filling up the DagBag from /opt/airflow/dags/welcome_dag.py
[2023-10-08T17:00:14.511+0000] {processor.py:839} INFO - DAG(s) dict_keys(['welcome_dag']) retrieved from /opt/airflow/dags/welcome_dag.py
[2023-10-08T17:00:14.561+0000] {logging_mixin.py:151} INFO - [2023-10-08T17:00:14.561+0000] {dag.py:2915} INFO - Sync 1 DAGs
[2023-10-08T17:00:14.602+0000] {logging_mixin.py:151} INFO - [2023-10-08T17:00:14.602+0000] {dag.py:3696} INFO - Setting next_dagrun for welcome_dag to 2023-10-07T23:00:00+00:00, run_after=2023-10-08T23:00:00+00:00
[2023-10-08T17:00:14.711+0000] {processor.py:179} INFO - Processing /opt/airflow/dags/welcome_dag.py took 0.265 seconds
[2023-10-08T17:00:45.106+0000] {processor.py:157} INFO - Started process (PID=136) to work on /opt/airflow/dags/welcome_dag.py
[2023-10-08T17:00:45.110+0000] {processor.py:829} INFO - Processing file /opt/airflow/dags/welcome_dag.py for tasks to queue
[2023-10-08T17:00:45.112+0000] {logging_mixin.py:151} INFO - [2023-10-08T17:00:45.111+0000] {dagbag.py:539} INFO - Filling up the DagBag from /opt/airflow/dags/welcome_dag.py
[2023-10-08T17:00:45.166+0000] {processor.py:839} INFO - DAG(s) dict_keys(['welcome_dag']) retrieved from /opt/airflow/dags/welcome_dag.py
[2023-10-08T17:00:45.209+0000] {logging_mixin.py:151} INFO - [2023-10-08T17:00:45.209+0000] {dag.py:2915} INFO - Sync 1 DAGs
[2023-10-08T17:00:45.247+0000] {logging_mixin.py:151} INFO - [2023-10-08T17:00:45.247+0000] {dag.py:3696} INFO - Setting next_dagrun for welcome_dag to 2023-10-07T23:00:00+00:00, run_after=2023-10-08T23:00:00+00:00
[2023-10-08T17:00:45.361+0000] {processor.py:179} INFO - Processing /opt/airflow/dags/welcome_dag.py took 0.269 seconds
[2023-10-08T17:01:15.736+0000] {processor.py:157} INFO - Started process (PID=137) to work on /opt/airflow/dags/welcome_dag.py
[2023-10-08T17:01:15.737+0000] {processor.py:829} INFO - Processing file /opt/airflow/dags/welcome_dag.py for tasks to queue
[2023-10-08T17:01:15.739+0000] {logging_mixin.py:151} INFO - [2023-10-08T17:01:15.739+0000] {dagbag.py:539} INFO - Filling up the DagBag from /opt/airflow/dags/welcome_dag.py
[2023-10-08T17:01:15.786+0000] {processor.py:839} INFO - DAG(s) dict_keys(['welcome_dag']) retrieved from /opt/airflow/dags/welcome_dag.py
[2023-10-08T17:01:15.832+0000] {logging_mixin.py:151} INFO - [2023-10-08T17:01:15.831+0000] {dag.py:2915} INFO - Sync 1 DAGs
[2023-10-08T17:01:15.869+0000] {logging_mixin.py:151} INFO - [2023-10-08T17:01:15.869+0000] {dag.py:3696} INFO - Setting next_dagrun for welcome_dag to 2023-10-07T23:00:00+00:00, run_after=2023-10-08T23:00:00+00:00
[2023-10-08T17:01:15.974+0000] {processor.py:179} INFO - Processing /opt/airflow/dags/welcome_dag.py took 0.241 seconds
[2023-10-08T17:01:46.405+0000] {processor.py:157} INFO - Started process (PID=138) to work on /opt/airflow/dags/welcome_dag.py
[2023-10-08T17:01:46.407+0000] {processor.py:829} INFO - Processing file /opt/airflow/dags/welcome_dag.py for tasks to queue
[2023-10-08T17:01:46.408+0000] {logging_mixin.py:151} INFO - [2023-10-08T17:01:46.408+0000] {dagbag.py:539} INFO - Filling up the DagBag from /opt/airflow/dags/welcome_dag.py
[2023-10-08T17:01:46.462+0000] {processor.py:839} INFO - DAG(s) dict_keys(['welcome_dag']) retrieved from /opt/airflow/dags/welcome_dag.py
[2023-10-08T17:01:46.511+0000] {logging_mixin.py:151} INFO - [2023-10-08T17:01:46.511+0000] {dag.py:2915} INFO - Sync 1 DAGs
[2023-10-08T17:01:46.550+0000] {logging_mixin.py:151} INFO - [2023-10-08T17:01:46.550+0000] {dag.py:3696} INFO - Setting next_dagrun for welcome_dag to 2023-10-07T23:00:00+00:00, run_after=2023-10-08T23:00:00+00:00
[2023-10-08T17:01:46.668+0000] {processor.py:179} INFO - Processing /opt/airflow/dags/welcome_dag.py took 0.268 seconds
[2023-10-08T17:02:16.955+0000] {processor.py:157} INFO - Started process (PID=139) to work on /opt/airflow/dags/welcome_dag.py
[2023-10-08T17:02:16.957+0000] {processor.py:829} INFO - Processing file /opt/airflow/dags/welcome_dag.py for tasks to queue
[2023-10-08T17:02:16.958+0000] {logging_mixin.py:151} INFO - [2023-10-08T17:02:16.958+0000] {dagbag.py:539} INFO - Filling up the DagBag from /opt/airflow/dags/welcome_dag.py
[2023-10-08T17:02:17.008+0000] {processor.py:839} INFO - DAG(s) dict_keys(['welcome_dag']) retrieved from /opt/airflow/dags/welcome_dag.py
[2023-10-08T17:02:17.054+0000] {logging_mixin.py:151} INFO - [2023-10-08T17:02:17.053+0000] {dag.py:2915} INFO - Sync 1 DAGs
[2023-10-08T17:02:17.131+0000] {logging_mixin.py:151} INFO - [2023-10-08T17:02:17.131+0000] {dag.py:3696} INFO - Setting next_dagrun for welcome_dag to 2023-10-07T23:00:00+00:00, run_after=2023-10-08T23:00:00+00:00
[2023-10-08T17:02:17.256+0000] {processor.py:179} INFO - Processing /opt/airflow/dags/welcome_dag.py took 0.304 seconds
[2023-10-08T17:02:47.801+0000] {processor.py:157} INFO - Started process (PID=140) to work on /opt/airflow/dags/welcome_dag.py
[2023-10-08T17:02:47.805+0000] {processor.py:829} INFO - Processing file /opt/airflow/dags/welcome_dag.py for tasks to queue
[2023-10-08T17:02:47.808+0000] {logging_mixin.py:151} INFO - [2023-10-08T17:02:47.807+0000] {dagbag.py:539} INFO - Filling up the DagBag from /opt/airflow/dags/welcome_dag.py
[2023-10-08T17:02:47.861+0000] {processor.py:839} INFO - DAG(s) dict_keys(['welcome_dag']) retrieved from /opt/airflow/dags/welcome_dag.py
[2023-10-08T17:02:47.917+0000] {logging_mixin.py:151} INFO - [2023-10-08T17:02:47.917+0000] {dag.py:2915} INFO - Sync 1 DAGs
[2023-10-08T17:02:47.968+0000] {logging_mixin.py:151} INFO - [2023-10-08T17:02:47.968+0000] {dag.py:3696} INFO - Setting next_dagrun for welcome_dag to 2023-10-07T23:00:00+00:00, run_after=2023-10-08T23:00:00+00:00
[2023-10-08T17:02:48.100+0000] {processor.py:179} INFO - Processing /opt/airflow/dags/welcome_dag.py took 0.305 seconds
[2023-10-08T17:03:18.397+0000] {processor.py:157} INFO - Started process (PID=141) to work on /opt/airflow/dags/welcome_dag.py
[2023-10-08T17:03:18.398+0000] {processor.py:829} INFO - Processing file /opt/airflow/dags/welcome_dag.py for tasks to queue
[2023-10-08T17:03:18.400+0000] {logging_mixin.py:151} INFO - [2023-10-08T17:03:18.399+0000] {dagbag.py:539} INFO - Filling up the DagBag from /opt/airflow/dags/welcome_dag.py
[2023-10-08T17:03:18.453+0000] {processor.py:839} INFO - DAG(s) dict_keys(['welcome_dag']) retrieved from /opt/airflow/dags/welcome_dag.py
[2023-10-08T17:03:18.504+0000] {logging_mixin.py:151} INFO - [2023-10-08T17:03:18.504+0000] {dag.py:2915} INFO - Sync 1 DAGs
[2023-10-08T17:03:18.544+0000] {logging_mixin.py:151} INFO - [2023-10-08T17:03:18.544+0000] {dag.py:3696} INFO - Setting next_dagrun for welcome_dag to 2023-10-07T23:00:00+00:00, run_after=2023-10-08T23:00:00+00:00
[2023-10-08T17:03:18.661+0000] {processor.py:179} INFO - Processing /opt/airflow/dags/welcome_dag.py took 0.268 seconds
[2023-10-08T17:03:49.077+0000] {processor.py:157} INFO - Started process (PID=142) to work on /opt/airflow/dags/welcome_dag.py
[2023-10-08T17:03:49.078+0000] {processor.py:829} INFO - Processing file /opt/airflow/dags/welcome_dag.py for tasks to queue
[2023-10-08T17:03:49.079+0000] {logging_mixin.py:151} INFO - [2023-10-08T17:03:49.079+0000] {dagbag.py:539} INFO - Filling up the DagBag from /opt/airflow/dags/welcome_dag.py
[2023-10-08T17:03:49.134+0000] {processor.py:839} INFO - DAG(s) dict_keys(['welcome_dag']) retrieved from /opt/airflow/dags/welcome_dag.py
[2023-10-08T17:03:49.183+0000] {logging_mixin.py:151} INFO - [2023-10-08T17:03:49.183+0000] {dag.py:2915} INFO - Sync 1 DAGs
[2023-10-08T17:03:49.221+0000] {logging_mixin.py:151} INFO - [2023-10-08T17:03:49.221+0000] {dag.py:3696} INFO - Setting next_dagrun for welcome_dag to 2023-10-07T23:00:00+00:00, run_after=2023-10-08T23:00:00+00:00
[2023-10-08T17:03:49.335+0000] {processor.py:179} INFO - Processing /opt/airflow/dags/welcome_dag.py took 0.262 seconds
[2023-10-08T17:04:19.745+0000] {processor.py:157} INFO - Started process (PID=143) to work on /opt/airflow/dags/welcome_dag.py
[2023-10-08T17:04:19.747+0000] {processor.py:829} INFO - Processing file /opt/airflow/dags/welcome_dag.py for tasks to queue
[2023-10-08T17:04:19.748+0000] {logging_mixin.py:151} INFO - [2023-10-08T17:04:19.748+0000] {dagbag.py:539} INFO - Filling up the DagBag from /opt/airflow/dags/welcome_dag.py
[2023-10-08T17:04:19.803+0000] {processor.py:839} INFO - DAG(s) dict_keys(['welcome_dag']) retrieved from /opt/airflow/dags/welcome_dag.py
[2023-10-08T17:04:19.861+0000] {logging_mixin.py:151} INFO - [2023-10-08T17:04:19.861+0000] {dag.py:2915} INFO - Sync 1 DAGs
[2023-10-08T17:04:19.963+0000] {logging_mixin.py:151} INFO - [2023-10-08T17:04:19.962+0000] {dag.py:3696} INFO - Setting next_dagrun for welcome_dag to 2023-10-07T23:00:00+00:00, run_after=2023-10-08T23:00:00+00:00
[2023-10-08T17:04:20.199+0000] {processor.py:179} INFO - Processing /opt/airflow/dags/welcome_dag.py took 0.457 seconds
[2023-10-08T17:04:50.669+0000] {processor.py:157} INFO - Started process (PID=144) to work on /opt/airflow/dags/welcome_dag.py
[2023-10-08T17:04:50.672+0000] {processor.py:829} INFO - Processing file /opt/airflow/dags/welcome_dag.py for tasks to queue
[2023-10-08T17:04:50.674+0000] {logging_mixin.py:151} INFO - [2023-10-08T17:04:50.673+0000] {dagbag.py:539} INFO - Filling up the DagBag from /opt/airflow/dags/welcome_dag.py
[2023-10-08T17:04:50.733+0000] {processor.py:839} INFO - DAG(s) dict_keys(['welcome_dag']) retrieved from /opt/airflow/dags/welcome_dag.py
[2023-10-08T17:04:50.820+0000] {logging_mixin.py:151} INFO - [2023-10-08T17:04:50.820+0000] {dag.py:2915} INFO - Sync 1 DAGs
[2023-10-08T17:04:50.856+0000] {logging_mixin.py:151} INFO - [2023-10-08T17:04:50.856+0000] {dag.py:3696} INFO - Setting next_dagrun for welcome_dag to 2023-10-07T23:00:00+00:00, run_after=2023-10-08T23:00:00+00:00
[2023-10-08T17:04:50.968+0000] {processor.py:179} INFO - Processing /opt/airflow/dags/welcome_dag.py took 0.302 seconds
[2023-10-08T17:05:21.345+0000] {processor.py:157} INFO - Started process (PID=145) to work on /opt/airflow/dags/welcome_dag.py
[2023-10-08T17:05:21.347+0000] {processor.py:829} INFO - Processing file /opt/airflow/dags/welcome_dag.py for tasks to queue
[2023-10-08T17:05:21.349+0000] {logging_mixin.py:151} INFO - [2023-10-08T17:05:21.348+0000] {dagbag.py:539} INFO - Filling up the DagBag from /opt/airflow/dags/welcome_dag.py
[2023-10-08T17:05:21.403+0000] {processor.py:839} INFO - DAG(s) dict_keys(['welcome_dag']) retrieved from /opt/airflow/dags/welcome_dag.py
[2023-10-08T17:05:21.446+0000] {logging_mixin.py:151} INFO - [2023-10-08T17:05:21.446+0000] {dag.py:2915} INFO - Sync 1 DAGs
[2023-10-08T17:05:21.483+0000] {logging_mixin.py:151} INFO - [2023-10-08T17:05:21.483+0000] {dag.py:3696} INFO - Setting next_dagrun for welcome_dag to 2023-10-07T23:00:00+00:00, run_after=2023-10-08T23:00:00+00:00
[2023-10-08T17:05:21.640+0000] {processor.py:179} INFO - Processing /opt/airflow/dags/welcome_dag.py took 0.299 seconds
[2023-10-08T17:05:52.327+0000] {processor.py:157} INFO - Started process (PID=146) to work on /opt/airflow/dags/welcome_dag.py
[2023-10-08T17:05:52.328+0000] {processor.py:829} INFO - Processing file /opt/airflow/dags/welcome_dag.py for tasks to queue
[2023-10-08T17:05:52.331+0000] {logging_mixin.py:151} INFO - [2023-10-08T17:05:52.330+0000] {dagbag.py:539} INFO - Filling up the DagBag from /opt/airflow/dags/welcome_dag.py
[2023-10-08T17:05:52.389+0000] {processor.py:839} INFO - DAG(s) dict_keys(['welcome_dag']) retrieved from /opt/airflow/dags/welcome_dag.py
[2023-10-08T17:05:52.434+0000] {logging_mixin.py:151} INFO - [2023-10-08T17:05:52.434+0000] {dag.py:2915} INFO - Sync 1 DAGs
[2023-10-08T17:05:52.582+0000] {logging_mixin.py:151} INFO - [2023-10-08T17:05:52.582+0000] {dag.py:3696} INFO - Setting next_dagrun for welcome_dag to 2023-10-07T23:00:00+00:00, run_after=2023-10-08T23:00:00+00:00
[2023-10-08T17:05:52.702+0000] {processor.py:179} INFO - Processing /opt/airflow/dags/welcome_dag.py took 0.380 seconds
[2023-10-08T17:06:23.135+0000] {processor.py:157} INFO - Started process (PID=147) to work on /opt/airflow/dags/welcome_dag.py
[2023-10-08T17:06:23.137+0000] {processor.py:829} INFO - Processing file /opt/airflow/dags/welcome_dag.py for tasks to queue
[2023-10-08T17:06:23.138+0000] {logging_mixin.py:151} INFO - [2023-10-08T17:06:23.138+0000] {dagbag.py:539} INFO - Filling up the DagBag from /opt/airflow/dags/welcome_dag.py
[2023-10-08T17:06:23.194+0000] {processor.py:839} INFO - DAG(s) dict_keys(['welcome_dag']) retrieved from /opt/airflow/dags/welcome_dag.py
[2023-10-08T17:06:23.243+0000] {logging_mixin.py:151} INFO - [2023-10-08T17:06:23.242+0000] {dag.py:2915} INFO - Sync 1 DAGs
[2023-10-08T17:06:23.283+0000] {logging_mixin.py:151} INFO - [2023-10-08T17:06:23.282+0000] {dag.py:3696} INFO - Setting next_dagrun for welcome_dag to 2023-10-07T23:00:00+00:00, run_after=2023-10-08T23:00:00+00:00
[2023-10-08T17:06:23.397+0000] {processor.py:179} INFO - Processing /opt/airflow/dags/welcome_dag.py took 0.267 seconds
[2023-10-08T17:06:53.898+0000] {processor.py:157} INFO - Started process (PID=148) to work on /opt/airflow/dags/welcome_dag.py
[2023-10-08T17:06:53.900+0000] {processor.py:829} INFO - Processing file /opt/airflow/dags/welcome_dag.py for tasks to queue
[2023-10-08T17:06:53.902+0000] {logging_mixin.py:151} INFO - [2023-10-08T17:06:53.901+0000] {dagbag.py:539} INFO - Filling up the DagBag from /opt/airflow/dags/welcome_dag.py
[2023-10-08T17:06:53.954+0000] {processor.py:839} INFO - DAG(s) dict_keys(['welcome_dag']) retrieved from /opt/airflow/dags/welcome_dag.py
[2023-10-08T17:06:54.001+0000] {logging_mixin.py:151} INFO - [2023-10-08T17:06:54.001+0000] {dag.py:2915} INFO - Sync 1 DAGs
[2023-10-08T17:06:54.039+0000] {logging_mixin.py:151} INFO - [2023-10-08T17:06:54.039+0000] {dag.py:3696} INFO - Setting next_dagrun for welcome_dag to 2023-10-07T23:00:00+00:00, run_after=2023-10-08T23:00:00+00:00
[2023-10-08T17:06:54.151+0000] {processor.py:179} INFO - Processing /opt/airflow/dags/welcome_dag.py took 0.257 seconds
[2023-10-08T17:07:24.650+0000] {processor.py:157} INFO - Started process (PID=149) to work on /opt/airflow/dags/welcome_dag.py
[2023-10-08T17:07:24.651+0000] {processor.py:829} INFO - Processing file /opt/airflow/dags/welcome_dag.py for tasks to queue
[2023-10-08T17:07:24.653+0000] {logging_mixin.py:151} INFO - [2023-10-08T17:07:24.653+0000] {dagbag.py:539} INFO - Filling up the DagBag from /opt/airflow/dags/welcome_dag.py
[2023-10-08T17:07:24.717+0000] {processor.py:839} INFO - DAG(s) dict_keys(['welcome_dag']) retrieved from /opt/airflow/dags/welcome_dag.py
[2023-10-08T17:07:24.770+0000] {logging_mixin.py:151} INFO - [2023-10-08T17:07:24.770+0000] {dag.py:2915} INFO - Sync 1 DAGs
[2023-10-08T17:07:24.814+0000] {logging_mixin.py:151} INFO - [2023-10-08T17:07:24.814+0000] {dag.py:3696} INFO - Setting next_dagrun for welcome_dag to 2023-10-07T23:00:00+00:00, run_after=2023-10-08T23:00:00+00:00
[2023-10-08T17:07:24.951+0000] {processor.py:179} INFO - Processing /opt/airflow/dags/welcome_dag.py took 0.305 seconds
[2023-10-08T17:07:55.460+0000] {processor.py:157} INFO - Started process (PID=150) to work on /opt/airflow/dags/welcome_dag.py
[2023-10-08T17:07:55.462+0000] {processor.py:829} INFO - Processing file /opt/airflow/dags/welcome_dag.py for tasks to queue
[2023-10-08T17:07:55.463+0000] {logging_mixin.py:151} INFO - [2023-10-08T17:07:55.463+0000] {dagbag.py:539} INFO - Filling up the DagBag from /opt/airflow/dags/welcome_dag.py
[2023-10-08T17:07:55.521+0000] {processor.py:839} INFO - DAG(s) dict_keys(['welcome_dag']) retrieved from /opt/airflow/dags/welcome_dag.py
[2023-10-08T17:07:55.571+0000] {logging_mixin.py:151} INFO - [2023-10-08T17:07:55.571+0000] {dag.py:2915} INFO - Sync 1 DAGs
[2023-10-08T17:07:55.612+0000] {logging_mixin.py:151} INFO - [2023-10-08T17:07:55.612+0000] {dag.py:3696} INFO - Setting next_dagrun for welcome_dag to 2023-10-07T23:00:00+00:00, run_after=2023-10-08T23:00:00+00:00
[2023-10-08T17:07:55.743+0000] {processor.py:179} INFO - Processing /opt/airflow/dags/welcome_dag.py took 0.289 seconds
[2023-10-08T17:08:26.291+0000] {processor.py:157} INFO - Started process (PID=153) to work on /opt/airflow/dags/welcome_dag.py
[2023-10-08T17:08:26.292+0000] {processor.py:829} INFO - Processing file /opt/airflow/dags/welcome_dag.py for tasks to queue
[2023-10-08T17:08:26.294+0000] {logging_mixin.py:151} INFO - [2023-10-08T17:08:26.293+0000] {dagbag.py:539} INFO - Filling up the DagBag from /opt/airflow/dags/welcome_dag.py
[2023-10-08T17:08:26.347+0000] {processor.py:839} INFO - DAG(s) dict_keys(['welcome_dag']) retrieved from /opt/airflow/dags/welcome_dag.py
[2023-10-08T17:08:26.393+0000] {logging_mixin.py:151} INFO - [2023-10-08T17:08:26.393+0000] {dag.py:2915} INFO - Sync 1 DAGs
[2023-10-08T17:08:26.431+0000] {logging_mixin.py:151} INFO - [2023-10-08T17:08:26.431+0000] {dag.py:3696} INFO - Setting next_dagrun for welcome_dag to 2023-10-07T23:00:00+00:00, run_after=2023-10-08T23:00:00+00:00
[2023-10-08T17:08:26.548+0000] {processor.py:179} INFO - Processing /opt/airflow/dags/welcome_dag.py took 0.261 seconds
[2023-10-08T17:09:02.925+0000] {processor.py:157} INFO - Started process (PID=167) to work on /opt/airflow/dags/welcome_dag.py
[2023-10-08T17:09:02.926+0000] {processor.py:829} INFO - Processing file /opt/airflow/dags/welcome_dag.py for tasks to queue
[2023-10-08T17:09:02.928+0000] {logging_mixin.py:151} INFO - [2023-10-08T17:09:02.927+0000] {dagbag.py:539} INFO - Filling up the DagBag from /opt/airflow/dags/welcome_dag.py
[2023-10-08T17:09:02.980+0000] {processor.py:839} INFO - DAG(s) dict_keys(['welcome_dag']) retrieved from /opt/airflow/dags/welcome_dag.py
[2023-10-08T17:09:03.023+0000] {logging_mixin.py:151} INFO - [2023-10-08T17:09:03.023+0000] {dag.py:2915} INFO - Sync 1 DAGs
[2023-10-08T17:09:03.063+0000] {logging_mixin.py:151} INFO - [2023-10-08T17:09:03.063+0000] {dag.py:3696} INFO - Setting next_dagrun for welcome_dag to 2023-10-07T23:00:00+00:00, run_after=2023-10-08T23:00:00+00:00
[2023-10-08T17:09:03.175+0000] {processor.py:179} INFO - Processing /opt/airflow/dags/welcome_dag.py took 0.254 seconds
[2023-10-08T17:09:33.306+0000] {processor.py:157} INFO - Started process (PID=170) to work on /opt/airflow/dags/welcome_dag.py
[2023-10-08T17:09:33.307+0000] {processor.py:829} INFO - Processing file /opt/airflow/dags/welcome_dag.py for tasks to queue
[2023-10-08T17:09:33.309+0000] {logging_mixin.py:151} INFO - [2023-10-08T17:09:33.308+0000] {dagbag.py:539} INFO - Filling up the DagBag from /opt/airflow/dags/welcome_dag.py
[2023-10-08T17:09:33.359+0000] {processor.py:839} INFO - DAG(s) dict_keys(['welcome_dag']) retrieved from /opt/airflow/dags/welcome_dag.py
[2023-10-08T17:09:33.404+0000] {logging_mixin.py:151} INFO - [2023-10-08T17:09:33.404+0000] {dag.py:2915} INFO - Sync 1 DAGs
[2023-10-08T17:09:33.442+0000] {logging_mixin.py:151} INFO - [2023-10-08T17:09:33.442+0000] {dag.py:3696} INFO - Setting next_dagrun for welcome_dag to 2023-10-07T23:00:00+00:00, run_after=2023-10-08T23:00:00+00:00
[2023-10-08T17:09:33.570+0000] {processor.py:179} INFO - Processing /opt/airflow/dags/welcome_dag.py took 0.267 seconds
[2023-10-08T17:10:04.204+0000] {processor.py:157} INFO - Started process (PID=173) to work on /opt/airflow/dags/welcome_dag.py
[2023-10-08T17:10:04.206+0000] {processor.py:829} INFO - Processing file /opt/airflow/dags/welcome_dag.py for tasks to queue
[2023-10-08T17:10:04.207+0000] {logging_mixin.py:151} INFO - [2023-10-08T17:10:04.207+0000] {dagbag.py:539} INFO - Filling up the DagBag from /opt/airflow/dags/welcome_dag.py
[2023-10-08T17:10:04.254+0000] {processor.py:839} INFO - DAG(s) dict_keys(['welcome_dag']) retrieved from /opt/airflow/dags/welcome_dag.py
[2023-10-08T17:10:04.297+0000] {logging_mixin.py:151} INFO - [2023-10-08T17:10:04.297+0000] {dag.py:2915} INFO - Sync 1 DAGs
[2023-10-08T17:10:04.334+0000] {logging_mixin.py:151} INFO - [2023-10-08T17:10:04.334+0000] {dag.py:3696} INFO - Setting next_dagrun for welcome_dag to 2023-10-07T23:00:00+00:00, run_after=2023-10-08T23:00:00+00:00
[2023-10-08T17:10:04.440+0000] {processor.py:179} INFO - Processing /opt/airflow/dags/welcome_dag.py took 0.239 seconds
[2023-10-08T17:10:34.876+0000] {processor.py:157} INFO - Started process (PID=176) to work on /opt/airflow/dags/welcome_dag.py
[2023-10-08T17:10:34.877+0000] {processor.py:829} INFO - Processing file /opt/airflow/dags/welcome_dag.py for tasks to queue
[2023-10-08T17:10:34.879+0000] {logging_mixin.py:151} INFO - [2023-10-08T17:10:34.878+0000] {dagbag.py:539} INFO - Filling up the DagBag from /opt/airflow/dags/welcome_dag.py
[2023-10-08T17:10:34.928+0000] {processor.py:839} INFO - DAG(s) dict_keys(['welcome_dag']) retrieved from /opt/airflow/dags/welcome_dag.py
[2023-10-08T17:10:34.970+0000] {logging_mixin.py:151} INFO - [2023-10-08T17:10:34.970+0000] {dag.py:2915} INFO - Sync 1 DAGs
[2023-10-08T17:10:35.007+0000] {logging_mixin.py:151} INFO - [2023-10-08T17:10:35.007+0000] {dag.py:3696} INFO - Setting next_dagrun for welcome_dag to 2023-10-07T23:00:00+00:00, run_after=2023-10-08T23:00:00+00:00
[2023-10-08T17:10:35.122+0000] {processor.py:179} INFO - Processing /opt/airflow/dags/welcome_dag.py took 0.249 seconds
[2023-10-08T17:11:05.256+0000] {processor.py:157} INFO - Started process (PID=179) to work on /opt/airflow/dags/welcome_dag.py
[2023-10-08T17:11:05.258+0000] {processor.py:829} INFO - Processing file /opt/airflow/dags/welcome_dag.py for tasks to queue
[2023-10-08T17:11:05.259+0000] {logging_mixin.py:151} INFO - [2023-10-08T17:11:05.259+0000] {dagbag.py:539} INFO - Filling up the DagBag from /opt/airflow/dags/welcome_dag.py
[2023-10-08T17:11:05.315+0000] {processor.py:839} INFO - DAG(s) dict_keys(['welcome_dag']) retrieved from /opt/airflow/dags/welcome_dag.py
[2023-10-08T17:11:05.361+0000] {logging_mixin.py:151} INFO - [2023-10-08T17:11:05.361+0000] {dag.py:2915} INFO - Sync 1 DAGs
[2023-10-08T17:11:05.399+0000] {logging_mixin.py:151} INFO - [2023-10-08T17:11:05.398+0000] {dag.py:3696} INFO - Setting next_dagrun for welcome_dag to 2023-10-07T23:00:00+00:00, run_after=2023-10-08T23:00:00+00:00
[2023-10-08T17:11:05.520+0000] {processor.py:179} INFO - Processing /opt/airflow/dags/welcome_dag.py took 0.267 seconds
[2023-10-08T17:11:35.593+0000] {processor.py:157} INFO - Started process (PID=182) to work on /opt/airflow/dags/welcome_dag.py
[2023-10-08T17:11:35.595+0000] {processor.py:829} INFO - Processing file /opt/airflow/dags/welcome_dag.py for tasks to queue
[2023-10-08T17:11:35.596+0000] {logging_mixin.py:151} INFO - [2023-10-08T17:11:35.596+0000] {dagbag.py:539} INFO - Filling up the DagBag from /opt/airflow/dags/welcome_dag.py
[2023-10-08T17:11:35.652+0000] {processor.py:839} INFO - DAG(s) dict_keys(['welcome_dag']) retrieved from /opt/airflow/dags/welcome_dag.py
[2023-10-08T17:11:35.703+0000] {logging_mixin.py:151} INFO - [2023-10-08T17:11:35.702+0000] {dag.py:2915} INFO - Sync 1 DAGs
[2023-10-08T17:11:35.744+0000] {logging_mixin.py:151} INFO - [2023-10-08T17:11:35.743+0000] {dag.py:3696} INFO - Setting next_dagrun for welcome_dag to 2023-10-07T23:00:00+00:00, run_after=2023-10-08T23:00:00+00:00
[2023-10-08T17:11:35.860+0000] {processor.py:179} INFO - Processing /opt/airflow/dags/welcome_dag.py took 0.271 seconds
[2023-10-08T17:12:06.511+0000] {processor.py:157} INFO - Started process (PID=185) to work on /opt/airflow/dags/welcome_dag.py
[2023-10-08T17:12:06.513+0000] {processor.py:829} INFO - Processing file /opt/airflow/dags/welcome_dag.py for tasks to queue
[2023-10-08T17:12:06.514+0000] {logging_mixin.py:151} INFO - [2023-10-08T17:12:06.514+0000] {dagbag.py:539} INFO - Filling up the DagBag from /opt/airflow/dags/welcome_dag.py
[2023-10-08T17:12:06.564+0000] {processor.py:839} INFO - DAG(s) dict_keys(['welcome_dag']) retrieved from /opt/airflow/dags/welcome_dag.py
[2023-10-08T17:12:06.610+0000] {logging_mixin.py:151} INFO - [2023-10-08T17:12:06.610+0000] {dag.py:2915} INFO - Sync 1 DAGs
[2023-10-08T17:12:06.649+0000] {logging_mixin.py:151} INFO - [2023-10-08T17:12:06.648+0000] {dag.py:3696} INFO - Setting next_dagrun for welcome_dag to 2023-10-07T23:00:00+00:00, run_after=2023-10-08T23:00:00+00:00
[2023-10-08T17:12:06.764+0000] {processor.py:179} INFO - Processing /opt/airflow/dags/welcome_dag.py took 0.256 seconds
[2023-10-08T17:12:37.397+0000] {processor.py:157} INFO - Started process (PID=188) to work on /opt/airflow/dags/welcome_dag.py
[2023-10-08T17:12:37.399+0000] {processor.py:829} INFO - Processing file /opt/airflow/dags/welcome_dag.py for tasks to queue
[2023-10-08T17:12:37.400+0000] {logging_mixin.py:151} INFO - [2023-10-08T17:12:37.400+0000] {dagbag.py:539} INFO - Filling up the DagBag from /opt/airflow/dags/welcome_dag.py
[2023-10-08T17:12:37.453+0000] {processor.py:839} INFO - DAG(s) dict_keys(['welcome_dag']) retrieved from /opt/airflow/dags/welcome_dag.py
[2023-10-08T17:12:37.500+0000] {logging_mixin.py:151} INFO - [2023-10-08T17:12:37.499+0000] {dag.py:2915} INFO - Sync 1 DAGs
[2023-10-08T17:12:37.537+0000] {logging_mixin.py:151} INFO - [2023-10-08T17:12:37.537+0000] {dag.py:3696} INFO - Setting next_dagrun for welcome_dag to 2023-10-07T23:00:00+00:00, run_after=2023-10-08T23:00:00+00:00
[2023-10-08T17:12:37.655+0000] {processor.py:179} INFO - Processing /opt/airflow/dags/welcome_dag.py took 0.261 seconds
[2023-10-08T17:13:08.276+0000] {processor.py:157} INFO - Started process (PID=191) to work on /opt/airflow/dags/welcome_dag.py
[2023-10-08T17:13:08.277+0000] {processor.py:829} INFO - Processing file /opt/airflow/dags/welcome_dag.py for tasks to queue
[2023-10-08T17:13:08.279+0000] {logging_mixin.py:151} INFO - [2023-10-08T17:13:08.278+0000] {dagbag.py:539} INFO - Filling up the DagBag from /opt/airflow/dags/welcome_dag.py
[2023-10-08T17:13:08.331+0000] {processor.py:839} INFO - DAG(s) dict_keys(['welcome_dag']) retrieved from /opt/airflow/dags/welcome_dag.py
[2023-10-08T17:13:08.377+0000] {logging_mixin.py:151} INFO - [2023-10-08T17:13:08.377+0000] {dag.py:2915} INFO - Sync 1 DAGs
[2023-10-08T17:13:08.416+0000] {logging_mixin.py:151} INFO - [2023-10-08T17:13:08.416+0000] {dag.py:3696} INFO - Setting next_dagrun for welcome_dag to 2023-10-07T23:00:00+00:00, run_after=2023-10-08T23:00:00+00:00
[2023-10-08T17:13:08.527+0000] {processor.py:179} INFO - Processing /opt/airflow/dags/welcome_dag.py took 0.255 seconds
[2023-10-08T17:13:38.948+0000] {processor.py:157} INFO - Started process (PID=194) to work on /opt/airflow/dags/welcome_dag.py
[2023-10-08T17:13:38.949+0000] {processor.py:829} INFO - Processing file /opt/airflow/dags/welcome_dag.py for tasks to queue
[2023-10-08T17:13:38.951+0000] {logging_mixin.py:151} INFO - [2023-10-08T17:13:38.950+0000] {dagbag.py:539} INFO - Filling up the DagBag from /opt/airflow/dags/welcome_dag.py
[2023-10-08T17:13:39.002+0000] {processor.py:839} INFO - DAG(s) dict_keys(['welcome_dag']) retrieved from /opt/airflow/dags/welcome_dag.py
[2023-10-08T17:13:39.048+0000] {logging_mixin.py:151} INFO - [2023-10-08T17:13:39.047+0000] {dag.py:2915} INFO - Sync 1 DAGs
[2023-10-08T17:13:39.087+0000] {logging_mixin.py:151} INFO - [2023-10-08T17:13:39.087+0000] {dag.py:3696} INFO - Setting next_dagrun for welcome_dag to 2023-10-07T23:00:00+00:00, run_after=2023-10-08T23:00:00+00:00
[2023-10-08T17:13:39.212+0000] {processor.py:179} INFO - Processing /opt/airflow/dags/welcome_dag.py took 0.267 seconds
[2023-10-08T17:14:09.589+0000] {processor.py:157} INFO - Started process (PID=197) to work on /opt/airflow/dags/welcome_dag.py
[2023-10-08T17:14:09.591+0000] {processor.py:829} INFO - Processing file /opt/airflow/dags/welcome_dag.py for tasks to queue
[2023-10-08T17:14:09.593+0000] {logging_mixin.py:151} INFO - [2023-10-08T17:14:09.593+0000] {dagbag.py:539} INFO - Filling up the DagBag from /opt/airflow/dags/welcome_dag.py
[2023-10-08T17:14:09.647+0000] {processor.py:839} INFO - DAG(s) dict_keys(['welcome_dag']) retrieved from /opt/airflow/dags/welcome_dag.py
[2023-10-08T17:14:09.694+0000] {logging_mixin.py:151} INFO - [2023-10-08T17:14:09.693+0000] {dag.py:2915} INFO - Sync 1 DAGs
[2023-10-08T17:14:09.734+0000] {logging_mixin.py:151} INFO - [2023-10-08T17:14:09.734+0000] {dag.py:3696} INFO - Setting next_dagrun for welcome_dag to 2023-10-07T23:00:00+00:00, run_after=2023-10-08T23:00:00+00:00
[2023-10-08T17:14:09.880+0000] {processor.py:179} INFO - Processing /opt/airflow/dags/welcome_dag.py took 0.296 seconds
[2023-10-08T17:14:40.622+0000] {processor.py:157} INFO - Started process (PID=200) to work on /opt/airflow/dags/welcome_dag.py
[2023-10-08T17:14:40.624+0000] {processor.py:829} INFO - Processing file /opt/airflow/dags/welcome_dag.py for tasks to queue
[2023-10-08T17:14:40.626+0000] {logging_mixin.py:151} INFO - [2023-10-08T17:14:40.625+0000] {dagbag.py:539} INFO - Filling up the DagBag from /opt/airflow/dags/welcome_dag.py
[2023-10-08T17:14:40.679+0000] {processor.py:839} INFO - DAG(s) dict_keys(['welcome_dag']) retrieved from /opt/airflow/dags/welcome_dag.py
[2023-10-08T17:14:40.727+0000] {logging_mixin.py:151} INFO - [2023-10-08T17:14:40.727+0000] {dag.py:2915} INFO - Sync 1 DAGs
[2023-10-08T17:14:40.764+0000] {logging_mixin.py:151} INFO - [2023-10-08T17:14:40.764+0000] {dag.py:3696} INFO - Setting next_dagrun for welcome_dag to 2023-10-07T23:00:00+00:00, run_after=2023-10-08T23:00:00+00:00
[2023-10-08T17:14:40.883+0000] {processor.py:179} INFO - Processing /opt/airflow/dags/welcome_dag.py took 0.264 seconds
[2023-10-08T17:15:11.537+0000] {processor.py:157} INFO - Started process (PID=203) to work on /opt/airflow/dags/welcome_dag.py
[2023-10-08T17:15:11.539+0000] {processor.py:829} INFO - Processing file /opt/airflow/dags/welcome_dag.py for tasks to queue
[2023-10-08T17:15:11.541+0000] {logging_mixin.py:151} INFO - [2023-10-08T17:15:11.540+0000] {dagbag.py:539} INFO - Filling up the DagBag from /opt/airflow/dags/welcome_dag.py
[2023-10-08T17:15:11.597+0000] {processor.py:839} INFO - DAG(s) dict_keys(['welcome_dag']) retrieved from /opt/airflow/dags/welcome_dag.py
[2023-10-08T17:15:11.646+0000] {logging_mixin.py:151} INFO - [2023-10-08T17:15:11.645+0000] {dag.py:2915} INFO - Sync 1 DAGs
[2023-10-08T17:15:11.685+0000] {logging_mixin.py:151} INFO - [2023-10-08T17:15:11.684+0000] {dag.py:3696} INFO - Setting next_dagrun for welcome_dag to 2023-10-07T23:00:00+00:00, run_after=2023-10-08T23:00:00+00:00
[2023-10-08T17:15:11.795+0000] {processor.py:179} INFO - Processing /opt/airflow/dags/welcome_dag.py took 0.262 seconds
[2023-10-08T17:15:42.159+0000] {processor.py:157} INFO - Started process (PID=206) to work on /opt/airflow/dags/welcome_dag.py
[2023-10-08T17:15:42.161+0000] {processor.py:829} INFO - Processing file /opt/airflow/dags/welcome_dag.py for tasks to queue
[2023-10-08T17:15:42.163+0000] {logging_mixin.py:151} INFO - [2023-10-08T17:15:42.162+0000] {dagbag.py:539} INFO - Filling up the DagBag from /opt/airflow/dags/welcome_dag.py
[2023-10-08T17:15:42.222+0000] {processor.py:839} INFO - DAG(s) dict_keys(['welcome_dag']) retrieved from /opt/airflow/dags/welcome_dag.py
[2023-10-08T17:15:42.275+0000] {logging_mixin.py:151} INFO - [2023-10-08T17:15:42.275+0000] {dag.py:2915} INFO - Sync 1 DAGs
[2023-10-08T17:15:42.316+0000] {logging_mixin.py:151} INFO - [2023-10-08T17:15:42.315+0000] {dag.py:3696} INFO - Setting next_dagrun for welcome_dag to 2023-10-07T23:00:00+00:00, run_after=2023-10-08T23:00:00+00:00
[2023-10-08T17:15:42.438+0000] {processor.py:179} INFO - Processing /opt/airflow/dags/welcome_dag.py took 0.284 seconds
[2023-10-08T17:16:13.144+0000] {processor.py:157} INFO - Started process (PID=209) to work on /opt/airflow/dags/welcome_dag.py
[2023-10-08T17:16:13.146+0000] {processor.py:829} INFO - Processing file /opt/airflow/dags/welcome_dag.py for tasks to queue
[2023-10-08T17:16:13.147+0000] {logging_mixin.py:151} INFO - [2023-10-08T17:16:13.147+0000] {dagbag.py:539} INFO - Filling up the DagBag from /opt/airflow/dags/welcome_dag.py
[2023-10-08T17:16:13.205+0000] {processor.py:839} INFO - DAG(s) dict_keys(['welcome_dag']) retrieved from /opt/airflow/dags/welcome_dag.py
[2023-10-08T17:16:13.255+0000] {logging_mixin.py:151} INFO - [2023-10-08T17:16:13.255+0000] {dag.py:2915} INFO - Sync 1 DAGs
[2023-10-08T17:16:13.302+0000] {logging_mixin.py:151} INFO - [2023-10-08T17:16:13.301+0000] {dag.py:3696} INFO - Setting next_dagrun for welcome_dag to 2023-10-07T23:00:00+00:00, run_after=2023-10-08T23:00:00+00:00
[2023-10-08T17:16:13.413+0000] {processor.py:179} INFO - Processing /opt/airflow/dags/welcome_dag.py took 0.274 seconds
[2023-10-08T17:16:43.765+0000] {processor.py:157} INFO - Started process (PID=212) to work on /opt/airflow/dags/welcome_dag.py
[2023-10-08T17:16:43.767+0000] {processor.py:829} INFO - Processing file /opt/airflow/dags/welcome_dag.py for tasks to queue
[2023-10-08T17:16:43.768+0000] {logging_mixin.py:151} INFO - [2023-10-08T17:16:43.768+0000] {dagbag.py:539} INFO - Filling up the DagBag from /opt/airflow/dags/welcome_dag.py
[2023-10-08T17:16:43.818+0000] {processor.py:839} INFO - DAG(s) dict_keys(['welcome_dag']) retrieved from /opt/airflow/dags/welcome_dag.py
[2023-10-08T17:16:43.867+0000] {logging_mixin.py:151} INFO - [2023-10-08T17:16:43.867+0000] {dag.py:2915} INFO - Sync 1 DAGs
[2023-10-08T17:16:43.906+0000] {logging_mixin.py:151} INFO - [2023-10-08T17:16:43.905+0000] {dag.py:3696} INFO - Setting next_dagrun for welcome_dag to 2023-10-07T23:00:00+00:00, run_after=2023-10-08T23:00:00+00:00
[2023-10-08T17:16:44.024+0000] {processor.py:179} INFO - Processing /opt/airflow/dags/welcome_dag.py took 0.263 seconds
[2023-10-08T17:17:14.689+0000] {processor.py:157} INFO - Started process (PID=215) to work on /opt/airflow/dags/welcome_dag.py
[2023-10-08T17:17:14.691+0000] {processor.py:829} INFO - Processing file /opt/airflow/dags/welcome_dag.py for tasks to queue
[2023-10-08T17:17:14.694+0000] {logging_mixin.py:151} INFO - [2023-10-08T17:17:14.693+0000] {dagbag.py:539} INFO - Filling up the DagBag from /opt/airflow/dags/welcome_dag.py
[2023-10-08T17:17:14.788+0000] {processor.py:839} INFO - DAG(s) dict_keys(['welcome_dag']) retrieved from /opt/airflow/dags/welcome_dag.py
[2023-10-08T17:17:14.859+0000] {logging_mixin.py:151} INFO - [2023-10-08T17:17:14.859+0000] {dag.py:2915} INFO - Sync 1 DAGs
[2023-10-08T17:17:14.971+0000] {logging_mixin.py:151} INFO - [2023-10-08T17:17:14.970+0000] {dag.py:3696} INFO - Setting next_dagrun for welcome_dag to 2023-10-07T23:00:00+00:00, run_after=2023-10-08T23:00:00+00:00
[2023-10-08T17:17:15.279+0000] {processor.py:179} INFO - Processing /opt/airflow/dags/welcome_dag.py took 0.600 seconds
